[2017-03-22 15:28:45] slim-app.INFO: Slim-Skeleton '/' route [] {"uid":"a220c6d"}
[2017-03-22 15:41:12] slim-app.INFO: Slim-Skeleton '/' route [] {"uid":"065bca9"}
[2017-03-22 15:41:14] slim-app.INFO: Slim-Skeleton '/' route [] {"uid":"acb60fd"}
[2017-03-22 16:41:08] slim-app.INFO: Slim-Skeleton '/' route [] {"uid":"3250bc9"}
[2017-03-22 16:41:10] slim-app.INFO: Slim-Skeleton '/' route [] {"uid":"7a60c27"}
[2017-03-22 16:45:40] slim-app.INFO: Slim-Skeleton '/' route [] {"uid":"c9471b5"}
[2017-03-22 16:47:19] slim-app.INFO: Slim-Skeleton '/' route [] {"uid":"0e11f61"}
[2017-03-22 17:44:33] slim-app.INFO: Slim-Skeleton '/' route [] {"uid":"16a9079"}
[2017-03-22 17:50:37] slim-app.INFO: Slim-Skeleton '/' route [] {"uid":"246a1b6"}
[2017-03-22 17:52:31] slim-app.INFO: Slim-Skeleton '/' route [] {"uid":"516ae4e"}
[2017-03-22 17:53:56] slim-app.INFO: Slim-Skeleton '/' route [] {"uid":"7175f96"}
[2017-03-22 17:57:36] slim-app.INFO: Slim-Skeleton '/' route [] {"uid":"dbbdde9"}
[2017-03-22 18:19:26] slim-app.INFO: Slim-Skeleton '/' route [] {"uid":"198a3b2"}
[2017-03-22 18:21:08] slim-app.INFO: Slim-Skeleton '/' route [] {"uid":"2c26893"}
[2017-03-23 06:06:43] slim-app.INFO: Slim-Skeleton '/home/index' route [] {"uid":"dd978a5"}
[2017-03-23 06:06:46] slim-app.INFO: Slim-Skeleton '/home/index' route [] {"uid":"49aac68"}
[2017-03-23 06:12:25] slim-app.INFO: Slim-Skeleton '/home/index' route [] {"uid":"472f073"}
[2017-03-23 08:12:51] slim-app.INFO: Slim-Skeleton '/home/index' route [] {"uid":"2402652"}
[2017-03-23 08:13:51] slim-app.INFO: Slim-Skeleton '/home/index' route [] {"uid":"91561d8"}
[2017-03-23 08:14:58] slim-app.INFO: Slim-Skeleton '/home/index' route [] {"uid":"c32c220"}
[2017-03-23 08:15:17] slim-app.INFO: Slim-Skeleton '/home/index' route [] {"uid":"9d684a1"}
[2017-03-23 08:18:15] slim-app.INFO: Slim-Skeleton '/home/index' route [] {"uid":"c3fe7f8"}
[2017-03-23 08:18:29] slim-app.INFO: Slim-Skeleton '/home/index' route [] {"uid":"27510d0"}
[2017-03-23 08:18:41] slim-app.INFO: Slim-Skeleton '/home/index' route [] {"uid":"32eff83"}
[2017-03-23 08:39:22] slim-app.INFO: Slim-Skeleton '/home/index' route [] {"uid":"53da5d6"}
[2017-03-23 08:39:25] slim-app.INFO: Slim-Skeleton '/home/index' route [] {"uid":"891bcf5"}
[2017-03-23 09:11:32] slim-app.INFO: Slim-Skeleton '/home/index' route [] {"uid":"f420e43"}
[2017-03-23 09:11:36] slim-app.INFO: Slim-Skeleton '/home/listUser' route [] {"uid":"78d8650"}
[2017-03-23 09:13:41] slim-app.INFO: Slim-Skeleton '/home/listUser' route [] {"uid":"80d199a"}
[2017-03-23 09:13:54] slim-app.INFO: Slim-Skeleton '/home/apiListUser' route [] {"uid":"3510107"}
[2017-03-23 09:13:58] slim-app.INFO: Slim-Skeleton '/home/index' route [] {"uid":"7929455"}
[2017-03-23 09:51:02] slim-app.INFO: Slim-Skeleton '/home/index' route [] {"uid":"aa4bc10"}
[2017-03-23 09:57:30] slim-app.INFO: Slim-Skeleton '/home/apiListUser' route [] {"uid":"216ad21"}
[2017-03-23 09:57:37] slim-app.INFO: Slim-Skeleton '/home/index' route [] {"uid":"5200eff"}
[2017-03-23 14:40:26] slim-app.INFO: Slim-Skeleton '/home/index' route [] {"uid":"ffb1729"}
[2017-03-23 14:41:54] slim-app.INFO: Slim-Skeleton '/home/login' route [] {"uid":"f7f18f9"}
[2017-03-23 14:41:59] slim-app.INFO: Slim-Skeleton '/home/index' route [] {"uid":"9f3ac36"}
[2017-03-23 14:42:02] slim-app.INFO: Slim-Skeleton '/home/logout' route [] {"uid":"9824ec9"}
[2017-03-23 14:42:05] slim-app.INFO: Slim-Skeleton '/home/logout' route [] {"uid":"b17282f"}
[2017-03-23 14:42:31] slim-app.INFO: Slim-Skeleton '/home/logout' route [] {"uid":"f891c8b"}
[2017-03-23 14:44:11] slim-app.INFO: Slim-Skeleton '/home/index' route [] {"uid":"1a5f4bc"}
[2017-03-23 14:44:36] slim-app.INFO: Slim-Skeleton '/home/logout' route [] {"uid":"95db9ee"}
[2017-03-23 14:44:48] slim-app.INFO: Slim-Skeleton '/home/index' route [] {"uid":"ca72974"}
[2017-03-23 14:44:52] slim-app.INFO: Slim-Skeleton '/home/logout' route [] {"uid":"ffcb9c1"}
[2017-03-23 14:45:05] slim-app.INFO: Slim-Skeleton '/home/logout' route [] {"uid":"70c0528"}
[2017-03-23 14:45:18] slim-app.INFO: Slim-Skeleton '/home/logout' route [] {"uid":"fba55ef"}
[2017-03-23 14:45:18] slim-app.INFO: Slim-Skeleton '/home/logout' route [] {"uid":"b9e2016"}
[2017-03-23 14:47:57] slim-app.INFO: Slim-Skeleton '/home/logout' route [] {"uid":"821d3ce"}
[2017-03-23 14:49:13] slim-app.INFO: Slim-Skeleton '/home/logout' route [] {"uid":"6610484"}
[2017-03-23 14:49:46] slim-app.INFO: Slim-Skeleton '/home/logout' route [] {"uid":"3318f72"}
[2017-03-23 14:50:02] slim-app.INFO: Slim-Skeleton '/home/logout' route [] {"uid":"5b47a0f"}
[2017-03-23 14:50:32] slim-app.INFO: Slim-Skeleton '/home/logout' route [] {"uid":"6645f30"}
[2017-03-23 14:51:06] slim-app.INFO: Slim-Skeleton '/home/logout' route [] {"uid":"99c712b"}
[2017-03-23 14:51:51] slim-app.INFO: Slim-Skeleton '/home/logout' route [] {"uid":"d96f9c8"}
[2017-03-23 14:52:20] slim-app.INFO: Slim-Skeleton '/home/logout' route [] {"uid":"7cf6bf8"}
[2017-03-23 14:52:20] slim-app.INFO: Slim-Skeleton '/home/login' route [] {"uid":"332baa0"}
[2017-03-23 14:52:26] slim-app.INFO: Slim-Skeleton '/home/index' route [] {"uid":"523fd39"}
[2017-03-23 14:57:04] slim-app.INFO: Slim-Skeleton '/home/logout' route [] {"uid":"b3b17ba"}
[2017-03-23 14:57:04] slim-app.INFO: Slim-Skeleton '/home/login' route [] {"uid":"391c90b"}
[2017-03-23 14:57:43] slim-app.INFO: Slim-Skeleton '/home/login' route [] {"uid":"2cda19a"}
[2017-03-23 14:58:02] slim-app.INFO: Slim-Skeleton '/home/login' route [] {"uid":"3ff352e"}
[2017-03-23 14:58:10] slim-app.INFO: Slim-Skeleton '/home/login' route [] {"uid":"147e6eb"}
[2017-03-23 14:58:18] slim-app.INFO: Slim-Skeleton '/home/login' route [] {"uid":"56a5ce8"}
[2017-03-23 14:58:29] slim-app.INFO: Slim-Skeleton '/home/login' route [] {"uid":"9c14d5a"}
[2017-03-23 14:58:36] slim-app.INFO: Slim-Skeleton '/home/login' route [] {"uid":"a44be40"}
[2017-03-23 15:13:20] slim-app.INFO: Slim-Skeleton '/home/login' route [] {"uid":"5f910a3"}
[2017-03-23 15:16:03] slim-app.INFO: Slim-Skeleton '/home/login' route [] {"uid":"b57d0e9"}
[2017-03-23 15:23:17] slim-app.INFO: Slim-Skeleton '/home/login' route [] {"uid":"743e0a9"}
[2017-03-23 15:24:11] slim-app.INFO: Slim-Skeleton '/home/login' route [] {"uid":"ab6f0d2"}
[2017-03-23 15:24:29] slim-app.INFO: Slim-Skeleton '/home/login' route [] {"uid":"a6a258a"}
[2017-03-23 15:25:03] slim-app.INFO: Slim-Skeleton '/home/login' route [] {"uid":"29b8488"}
[2017-03-23 15:28:16] slim-app.INFO: Slim-Skeleton '/home/login' route [] {"uid":"16d1a9d"}
[2017-03-23 15:28:20] slim-app.INFO: Slim-Skeleton '/home/login' route [] {"uid":"1be0aa3"}
[2017-03-23 15:28:22] slim-app.INFO: Slim-Skeleton '/home/login' route [] {"uid":"b523eee"}
[2017-03-23 15:30:09] slim-app.INFO: Slim-Skeleton '/home/login' route [] {"uid":"e8524b2"}
[2017-03-23 15:34:38] slim-app.INFO: Slim-Skeleton '/home/login' route [] {"uid":"cb984de"}
[2017-03-23 15:48:50] slim-app.INFO: Slim-Skeleton '/home/login' route [] {"uid":"3d707e7"}
[2017-03-23 15:48:54] slim-app.INFO: Slim-Skeleton '/home/login' route [] {"uid":"9082d23"}
[2017-03-23 15:49:18] slim-app.INFO: Slim-Skeleton '/home/index' route [] {"uid":"a519df9"}
[2017-03-23 15:49:35] slim-app.INFO: Slim-Skeleton '/home/login' route [] {"uid":"b542475"}
[2017-03-23 15:52:56] slim-app.INFO: Slim-Skeleton '/home/index' route [] {"uid":"46708f9"}
[2017-03-23 15:52:59] slim-app.INFO: Slim-Skeleton '/home/index' route [] {"uid":"25f0d1d"}
[2017-03-23 15:53:26] slim-app.INFO: Slim-Skeleton '/home/index' route [] {"uid":"993fd78"}
[2017-03-23 15:54:33] slim-app.INFO: Slim-Skeleton '/home/index' route [] {"uid":"65137ce"}
[2017-03-23 15:54:37] slim-app.INFO: Slim-Skeleton '/home/logout' route [] {"uid":"5436228"}
[2017-03-23 15:57:22] slim-app.INFO: Slim-Skeleton '/home/login' route [] {"uid":"644d06e"}
[2017-03-23 15:59:20] slim-app.INFO: Slim-Skeleton '/home/login' route [] {"uid":"662c0d7"}
[2017-03-23 15:59:25] slim-app.INFO: Slim-Skeleton '/home/login' route [] {"uid":"4fb8126"}
[2017-03-23 15:59:37] slim-app.INFO: Slim-Skeleton '/home/index' route [] {"uid":"f14c09b"}
[2017-03-23 15:59:40] slim-app.INFO: Slim-Skeleton '/home/logout' route [] {"uid":"3cc01f0"}
[2017-03-23 15:59:40] slim-app.INFO: Slim-Skeleton '/home/login' route [] {"uid":"73913be"}
[2017-03-23 15:59:44] slim-app.INFO: Slim-Skeleton '/home/login' route [] {"uid":"e4bb330"}
[2017-03-23 16:00:16] slim-app.INFO: Slim-Skeleton '/home/login' route [] {"uid":"1f2c56a"}
[2017-03-23 16:00:29] slim-app.INFO: Slim-Skeleton '/home/login' route [] {"uid":"26c3838"}
[2017-03-23 16:01:19] slim-app.INFO: Slim-Skeleton '/home/login' route [] {"uid":"5271fc7"}
[2017-03-23 16:01:41] slim-app.INFO: Slim-Skeleton '/home/login' route [] {"uid":"fc84d2e"}
[2017-03-23 16:02:03] slim-app.INFO: Slim-Skeleton '/home/login' route [] {"uid":"5d8e852"}
[2017-03-23 16:02:27] slim-app.INFO: Slim-Skeleton '/home/login' route [] {"uid":"5ec7184"}
[2017-03-23 16:02:29] slim-app.INFO: Slim-Skeleton '/home/login' route [] {"uid":"c81e3a9"}
[2017-03-23 16:02:41] slim-app.INFO: Slim-Skeleton '/home/index' route [] {"uid":"ad9316b"}
[2017-03-23 16:02:43] slim-app.INFO: Slim-Skeleton '/home/index' route [] {"uid":"c327335"}
[2017-03-23 16:02:46] slim-app.INFO: Slim-Skeleton '/home/index' route [] {"uid":"537229c"}
[2017-03-23 16:02:52] slim-app.INFO: Slim-Skeleton '/home/index' route [] {"uid":"0b435b2"}
[2017-03-23 16:02:56] slim-app.INFO: Slim-Skeleton '/home/logout' route [] {"uid":"788b218"}
[2017-03-23 16:02:56] slim-app.INFO: Slim-Skeleton '/home/login' route [] {"uid":"4073655"}
[2017-03-23 16:03:03] slim-app.INFO: Slim-Skeleton '/home/login' route [] {"uid":"c9e4cdd"}
[2017-03-23 16:24:44] slim-app.INFO: Slim-Skeleton '/home/login' route [] {"uid":"e51c070"}
[2017-03-23 16:25:37] slim-app.INFO: Slim-Skeleton '/home/login' route [] {"uid":"a4ed908"}
[2017-03-23 16:26:04] slim-app.INFO: Slim-Skeleton '/home/login' route [] {"uid":"ed2eb60"}
[2017-03-23 16:26:19] slim-app.INFO: Slim-Skeleton '/home/login' route [] {"uid":"230397d"}
[2017-03-23 16:27:21] slim-app.INFO: Slim-Skeleton '/home/login' route [] {"uid":"9a9ad94"}
[2017-03-23 16:31:27] slim-app.INFO: Slim-Skeleton '/home/login' route [] {"uid":"1c361cb"}
[2017-03-23 16:31:30] slim-app.INFO: Slim-Skeleton '/home/login' route [] {"uid":"2d0aa91"}
[2017-03-23 16:34:00] slim-app.INFO: Slim-Skeleton '/home/index' route [] {"uid":"05532b0"}
[2017-03-23 16:50:16] slim-app.INFO: Slim-Skeleton '/home/index' route [] {"uid":"e754534"}
[2017-03-23 16:54:17] slim-app.INFO: Slim-Skeleton '/home/index' route [] {"uid":"8cb8569"}
[2017-03-23 16:54:22] slim-app.INFO: Slim-Skeleton '/home/logout' route [] {"uid":"9ed0bc3"}
[2017-03-23 16:54:32] slim-app.INFO: Slim-Skeleton '/home/login' route [] {"uid":"275fa99"}
[2017-03-23 16:54:59] slim-app.INFO: Slim-Skeleton '/home/login' route [] {"uid":"ac104c9"}
[2017-03-23 16:55:02] slim-app.INFO: Slim-Skeleton '/home/login' route [] {"uid":"bf7105e"}
[2017-03-23 16:56:20] slim-app.INFO: Slim-Skeleton '/home/login' route [] {"uid":"5792f20"}
[2017-03-23 16:56:40] slim-app.INFO: Slim-Skeleton '/home/login' route [] {"uid":"3ffd920"}
[2017-03-23 16:57:10] slim-app.INFO: Slim-Skeleton '/home/login' route [] {"uid":"0612570"}
[2017-03-23 16:59:13] slim-app.INFO: Slim-Skeleton '/home/login' route [] {"uid":"9ae0f95"}
[2017-03-23 17:01:00] slim-app.INFO: Slim-Skeleton '/home/login' route [] {"uid":"a298c5e"}
[2017-03-23 17:01:03] slim-app.INFO: Slim-Skeleton '/home/login' route [] {"uid":"ceaee5b"}
[2017-03-23 17:02:17] slim-app.INFO: Slim-Skeleton '/home/login' route [] {"uid":"179df55"}
[2017-03-23 17:02:18] slim-app.INFO: Slim-Skeleton '/home/login' route [] {"uid":"218daeb"}
[2017-03-23 17:03:41] slim-app.INFO: Slim-Skeleton '/home/login' route [] {"uid":"ee5c854"}
[2017-03-23 17:05:49] slim-app.INFO: Slim-Skeleton '/home/login' route [] {"uid":"e96b4b2"}
[2017-03-23 17:07:31] slim-app.INFO: Slim-Skeleton '/home/login' route [] {"uid":"319da63"}
[2017-03-23 17:08:07] slim-app.INFO: Slim-Skeleton '/home/login' route [] {"uid":"8b235f7"}
[2017-03-23 17:08:13] slim-app.INFO: Slim-Skeleton '/home/login' route [] {"uid":"e5b2d70"}
[2017-03-23 17:08:13] slim-app.INFO: Slim-Skeleton '/home/login' route [] {"uid":"9650bbe"}
[2017-03-23 17:08:34] slim-app.INFO: Slim-Skeleton '/home/login' route [] {"uid":"2faa9c8"}
[2017-03-23 17:08:53] slim-app.INFO: Slim-Skeleton '/home/index' route [] {"uid":"0d73d57"}
[2017-03-23 17:08:59] slim-app.INFO: Slim-Skeleton '/home/index' route [] {"uid":"770473f"}
[2017-03-23 17:09:24] slim-app.INFO: Slim-Skeleton '/home/logout' route [] {"uid":"5836868"}
[2017-03-23 17:09:24] slim-app.INFO: Slim-Skeleton '/home/login' route [] {"uid":"c12b317"}
[2017-03-23 17:09:24] slim-app.INFO: Slim-Skeleton '/home/login' route [] {"uid":"6d457ff"}
[2017-03-23 17:14:49] slim-app.INFO: Slim-Skeleton '/home/login' route [] {"uid":"8c92a86"}
[2017-03-23 17:16:17] slim-app.INFO: Slim-Skeleton '/home/login' route [] {"uid":"ad4b159"}
[2017-03-23 17:16:54] slim-app.INFO: Slim-Skeleton '/home/login' route [] {"uid":"e92e43f"}
[2017-03-23 18:16:10] slim-app.INFO: Slim-Skeleton '/home/login' route [] {"uid":"4f55fd1"}
[2017-03-23 18:17:17] slim-app.INFO: Slim-Skeleton '/home/login' route [] {"uid":"c09d2db"}
[2017-03-23 18:17:29] slim-app.INFO: Slim-Skeleton '/home/login' route [] {"uid":"35e9f8e"}
[2017-03-23 18:20:08] slim-app.INFO: Slim-Skeleton '/home/login' route [] {"uid":"fa94b5f"}
[2017-03-23 18:21:26] slim-app.INFO: Slim-Skeleton '/home/login' route [] {"uid":"ba28c16"}
[2017-03-23 18:22:52] slim-app.INFO: Slim-Skeleton '/home/login' route [] {"uid":"2c436b4"}
[2017-03-23 18:25:21] slim-app.INFO: Slim-Skeleton '/home/login' route [] {"uid":"8f0989d"}
[2017-03-23 18:26:15] slim-app.INFO: Slim-Skeleton '/home/login' route [] {"uid":"6aa96fc"}
[2017-03-23 18:27:16] slim-app.INFO: Slim-Skeleton '/home/login' route [] {"uid":"519d11f"}
[2017-03-23 18:30:11] slim-app.INFO: Slim-Skeleton '/home/login' route [] {"uid":"9ecc2fb"}
[2017-03-23 18:30:51] slim-app.INFO: Slim-Skeleton '/home/login' route [] {"uid":"554796c"}
[2017-03-23 18:31:21] slim-app.INFO: Slim-Skeleton '/home/login' route [] {"uid":"b6457ad"}
[2017-03-23 18:39:32] slim-app.INFO: Slim-Skeleton '/home/login' route [] {"uid":"5cea836"}
[2017-03-23 18:40:20] slim-app.INFO: Slim-Skeleton '/home/login' route [] {"uid":"f0fd82b"}
[2017-03-23 18:41:02] slim-app.INFO: Slim-Skeleton '/home/index' route [] {"uid":"9d822c0"}
[2017-03-23 18:45:30] slim-app.INFO: Slim-Skeleton '/home/index' route [] {"uid":"04b587a"}
[2017-03-23 18:45:35] slim-app.INFO: Slim-Skeleton '/home/logout' route [] {"uid":"58695fc"}
[2017-03-23 18:45:35] slim-app.INFO: Slim-Skeleton '/home/login' route [] {"uid":"aec07f0"}
[2017-03-23 18:45:36] slim-app.INFO: Slim-Skeleton '/home/login' route [] {"uid":"34fc89d"}
[2017-03-23 18:46:12] slim-app.INFO: Slim-Skeleton '/home/index' route [] {"uid":"87baf2b"}
[2017-03-23 18:47:13] slim-app.INFO: Slim-Skeleton '/home/logout' route [] {"uid":"43937f7"}
[2017-03-23 18:47:13] slim-app.INFO: Slim-Skeleton '/home/login' route [] {"uid":"684b184"}
[2017-03-23 18:47:38] slim-app.INFO: Slim-Skeleton '/home/login' route [] {"uid":"aa49506"}
[2017-03-23 18:52:08] slim-app.INFO: Slim-Skeleton '/home/login' route [] {"uid":"807c50c"}
[2017-03-23 18:54:29] slim-app.INFO: Slim-Skeleton '/home/login' route [] {"uid":"d9da3ae"}
[2017-03-23 18:57:15] slim-app.INFO: Slim-Skeleton '/home/login' route [] {"uid":"4be6d03"}
[2017-03-23 18:58:36] slim-app.INFO: Slim-Skeleton '/home/login' route [] {"uid":"73e4a00"}
[2017-03-23 18:59:44] slim-app.INFO: Slim-Skeleton '/home/login' route [] {"uid":"fe2b480"}
[2017-03-23 19:00:08] slim-app.INFO: Slim-Skeleton '/home/login' route [] {"uid":"ee836f0"}
[2017-03-23 19:01:10] slim-app.INFO: Slim-Skeleton '/home/login' route [] {"uid":"fe9b3a2"}
[2017-03-23 19:01:19] slim-app.INFO: Slim-Skeleton '/home/login' route [] {"uid":"df06a07"}
[2017-03-23 19:01:49] slim-app.INFO: Slim-Skeleton '/home/login' route [] {"uid":"f3111be"}
[2017-03-23 19:02:19] slim-app.INFO: Slim-Skeleton '/home/login' route [] {"uid":"c13a836"}
[2017-03-23 19:02:21] slim-app.INFO: Slim-Skeleton '/home/login' route [] {"uid":"30dbc84"}
[2017-03-23 19:02:25] slim-app.INFO: Slim-Skeleton '/home/login' route [] {"uid":"7d637de"}
[2017-03-23 19:02:42] slim-app.INFO: Slim-Skeleton '/home/login' route [] {"uid":"cfe156c"}
[2017-03-23 19:02:50] slim-app.INFO: Slim-Skeleton '/home/login' route [] {"uid":"0d6852e"}
[2017-03-23 19:03:09] slim-app.INFO: Slim-Skeleton '/home/index' route [] {"uid":"ec1522f"}
[2017-03-23 19:17:04] slim-app.INFO: Slim-Skeleton '/home/index' route [] {"uid":"c8f4bd3"}
[2017-03-23 19:18:30] slim-app.INFO: Slim-Skeleton '/home/index' route [] {"uid":"f7b944d"}
[2017-03-23 19:20:14] slim-app.INFO: Slim-Skeleton '/home/index' route [] {"uid":"172aca0"}
[2017-03-23 19:20:26] slim-app.INFO: Slim-Skeleton '/home/index' route [] {"uid":"3ca7e61"}
[2017-03-23 19:20:36] slim-app.INFO: Slim-Skeleton '/home/index' route [] {"uid":"5fdebe0"}
[2017-03-23 19:20:55] slim-app.INFO: Slim-Skeleton '/home/index' route [] {"uid":"461ae60"}
[2017-03-23 19:22:37] slim-app.INFO: Slim-Skeleton '/home/index' route [] {"uid":"47dee5f"}
[2017-03-23 19:22:54] slim-app.INFO: Slim-Skeleton '/home/index' route [] {"uid":"73983e1"}
[2017-03-23 19:24:24] slim-app.INFO: Slim-Skeleton '/home/index' route [] {"uid":"2ba20cc"}
[2017-03-23 19:25:37] slim-app.INFO: Slim-Skeleton '/home/index' route [] {"uid":"3cfbedf"}
[2017-03-23 19:26:25] slim-app.INFO: Slim-Skeleton '/home/index' route [] {"uid":"8bc91b0"}
[2017-03-23 19:26:28] slim-app.INFO: Slim-Skeleton '/home/index' route [] {"uid":"1c22854"}
[2017-03-23 19:28:13] slim-app.INFO: Slim-Skeleton '/home/index' route [] {"uid":"e9840a2"}
[2017-03-23 19:28:48] slim-app.INFO: Slim-Skeleton '/home/index' route [] {"uid":"bf0438e"}
[2017-03-23 19:29:48] slim-app.INFO: Slim-Skeleton '/home/index' route [] {"uid":"9449733"}
[2017-03-23 19:30:14] slim-app.INFO: Slim-Skeleton '/home/index' route [] {"uid":"223d1a5"}
[2017-03-23 19:37:43] slim-app.INFO: Slim-Skeleton '/home/index' route [] {"uid":"1ec71e5"}
[2017-03-23 19:38:38] slim-app.INFO: Slim-Skeleton '/home/index' route [] {"uid":"b991970"}
[2017-03-23 19:40:14] slim-app.INFO: Slim-Skeleton '/home/index' route [] {"uid":"082c615"}
[2017-03-23 19:43:26] slim-app.INFO: Slim-Skeleton '/home/index' route [] {"uid":"3b9d272"}
[2017-03-23 19:44:10] slim-app.INFO: Slim-Skeleton '/home/index' route [] {"uid":"5f1130a"}
[2017-03-23 19:44:25] slim-app.INFO: Slim-Skeleton '/home/index' route [] {"uid":"cbb0cac"}
[2017-03-23 19:44:35] slim-app.INFO: Slim-Skeleton '/home/index' route [] {"uid":"f549a39"}
[2017-03-23 19:46:42] slim-app.INFO: Slim-Skeleton '/home/index' route [] {"uid":"516cbd7"}
[2017-03-23 19:52:20] slim-app.INFO: Slim-Skeleton '/home/index' route [] {"uid":"70c3a76"}
[2017-03-23 19:52:52] slim-app.INFO: Slim-Skeleton '/home/index' route [] {"uid":"3cbbb18"}
[2017-03-23 19:54:24] slim-app.INFO: Slim-Skeleton '/home/index' route [] {"uid":"a1ab304"}
[2017-03-23 19:54:28] slim-app.INFO: Slim-Skeleton '/home/logout' route [] {"uid":"facf467"}
[2017-03-23 19:54:28] slim-app.INFO: Slim-Skeleton '/home/login' route [] {"uid":"a054f6f"}
[2017-03-23 19:54:38] slim-app.INFO: Slim-Skeleton '/home/index' route [] {"uid":"94b4b67"}
[2017-03-23 20:38:39] slim-app.INFO: Slim-Skeleton '/home/index' route [] {"uid":"d7ce0e4"}
[2017-03-23 20:38:59] slim-app.INFO: Slim-Skeleton '/home/index' route [] {"uid":"ea91f5c"}
[2017-03-23 20:41:27] slim-app.INFO: Slim-Skeleton '/home/index' route [] {"uid":"ed471aa"}
[2017-03-23 20:41:34] slim-app.INFO: Slim-Skeleton '/home/patient' route [] {"uid":"ee3d27b"}
[2017-03-23 20:41:35] slim-app.INFO: Slim-Skeleton '/home/medicine' route [] {"uid":"3396229"}
[2017-03-23 20:41:51] slim-app.INFO: Slim-Skeleton '/home/medicine' route [] {"uid":"9c01fcb"}
[2017-03-23 20:44:59] slim-app.INFO: Slim-Skeleton '/home/patient' route [] {"uid":"812d1e5"}
[2017-03-23 20:45:00] slim-app.INFO: Slim-Skeleton '/home/medicine' route [] {"uid":"0b97c0b"}
[2017-03-23 20:45:54] slim-app.INFO: Slim-Skeleton '/home/index' route [] {"uid":"8c2aca0"}
[2017-03-23 20:45:55] slim-app.INFO: Slim-Skeleton '/home/medicine' route [] {"uid":"ea744cf"}
[2017-03-23 20:45:56] slim-app.INFO: Slim-Skeleton '/home/visit' route [] {"uid":"fcb1e60"}
[2017-03-23 20:45:57] slim-app.INFO: Slim-Skeleton '/home/dashboard' route [] {"uid":"9a4e8ae"}
[2017-03-23 20:46:01] slim-app.INFO: Slim-Skeleton '/home/patient' route [] {"uid":"028e42c"}
[2017-03-23 20:52:44] slim-app.INFO: Slim-Skeleton '/home/index' route [] {"uid":"c1acf88"}
[2017-03-23 20:52:46] slim-app.INFO: Slim-Skeleton '/home/patient' route [] {"uid":"e8c26b8"}
[2017-03-23 20:55:46] slim-app.INFO: Slim-Skeleton '/home/patient' route [] {"uid":"a182568"}
[2017-03-23 20:56:28] slim-app.INFO: Slim-Skeleton '/home/index' route [] {"uid":"fc24091"}
[2017-03-23 20:56:30] slim-app.INFO: Slim-Skeleton '/home/patient' route [] {"uid":"375cf65"}
[2017-03-23 20:58:30] slim-app.INFO: Slim-Skeleton '/home/index' route [] {"uid":"c070b63"}
[2017-03-23 20:58:31] slim-app.INFO: Slim-Skeleton '/home/patient' route [] {"uid":"a61b6ad"}
[2017-03-23 20:59:10] slim-app.INFO: Slim-Skeleton '/home/patient' route [] {"uid":"fbaffdb"}
[2017-03-23 20:59:33] slim-app.INFO: Slim-Skeleton '/home/patient' route [] {"uid":"24b460d"}
[2017-03-23 20:59:56] slim-app.INFO: Slim-Skeleton '/home/patient' route [] {"uid":"ff3a7cc"}
[2017-03-23 21:00:24] slim-app.INFO: Slim-Skeleton '/home/patient' route [] {"uid":"e714688"}
[2017-03-23 21:00:40] slim-app.INFO: Slim-Skeleton '/home/patient' route [] {"uid":"da0ed29"}
[2017-03-23 21:01:11] slim-app.INFO: Slim-Skeleton '/home/patient' route [] {"uid":"aa6f1ea"}
[2017-03-23 21:01:28] slim-app.INFO: Slim-Skeleton '/home/patient' route [] {"uid":"6cd2245"}
[2017-03-23 21:04:01] slim-app.INFO: Slim-Skeleton '/home/patient' route [] {"uid":"41f7517"}
[2017-03-23 21:04:37] slim-app.INFO: Slim-Skeleton '/home/patient' route [] {"uid":"cc8e380"}
[2017-03-23 21:05:45] slim-app.INFO: Slim-Skeleton '/home/index' route [] {"uid":"056ce2d"}
[2017-03-23 21:05:46] slim-app.INFO: Slim-Skeleton '/home/medicine' route [] {"uid":"baaedbb"}
[2017-03-23 21:05:48] slim-app.INFO: Slim-Skeleton '/home/patient' route [] {"uid":"9415717"}
[2017-03-23 21:05:56] slim-app.INFO: Slim-Skeleton '/home/visit' route [] {"uid":"ba4f309"}
[2017-03-23 21:07:09] slim-app.INFO: Slim-Skeleton '/home/index' route [] {"uid":"c8afbe9"}
[2017-03-23 21:07:11] slim-app.INFO: Slim-Skeleton '/home/patient' route [] {"uid":"98a4053"}
[2017-03-23 21:07:12] slim-app.INFO: Slim-Skeleton '/home/medicine' route [] {"uid":"e6c83cc"}
[2017-03-23 21:07:13] slim-app.INFO: Slim-Skeleton '/home/visit' route [] {"uid":"36a7704"}
[2017-03-23 21:07:18] slim-app.INFO: Slim-Skeleton '/home/dashboard' route [] {"uid":"9a23de3"}
[2017-03-23 21:10:31] slim-app.INFO: Slim-Skeleton '/home/patient' route [] {"uid":"2f9e9e8"}
[2017-03-23 21:11:01] slim-app.INFO: Slim-Skeleton '/home/patient' route [] {"uid":"3bd2306"}
[2017-03-23 21:13:29] slim-app.INFO: Slim-Skeleton '/home/patient' route [] {"uid":"4bf7c13"}
[2017-03-23 21:14:13] slim-app.INFO: Slim-Skeleton '/home/patient' route [] {"uid":"ac4389d"}
[2017-03-23 21:15:14] slim-app.INFO: Slim-Skeleton '/home/index' route [] {"uid":"c1130c4"}
[2017-03-23 21:15:16] slim-app.INFO: Slim-Skeleton '/home/patient' route [] {"uid":"dfa1681"}
[2017-03-23 21:17:57] slim-app.INFO: Slim-Skeleton '/home/index' route [] {"uid":"d4c8219"}
[2017-03-23 21:17:58] slim-app.INFO: Slim-Skeleton '/home/patient' route [] {"uid":"22ce8e5"}
[2017-03-23 21:19:06] slim-app.INFO: Slim-Skeleton '/home/index' route [] {"uid":"d248e3b"}
[2017-03-23 21:19:08] slim-app.INFO: Slim-Skeleton '/home/patient' route [] {"uid":"2739f91"}
[2017-03-23 21:19:30] slim-app.INFO: Slim-Skeleton '/home/index' route [] {"uid":"0325dd5"}
[2017-03-23 21:19:32] slim-app.INFO: Slim-Skeleton '/home/patient' route [] {"uid":"2dadbe0"}
[2017-03-23 21:21:38] slim-app.INFO: Slim-Skeleton '/home/index' route [] {"uid":"d080a76"}
[2017-03-23 21:21:40] slim-app.INFO: Slim-Skeleton '/home/patient' route [] {"uid":"97df642"}
[2017-03-23 21:21:41] slim-app.INFO: Slim-Skeleton '/home/medicine' route [] {"uid":"bb23033"}
[2017-03-23 21:21:42] slim-app.INFO: Slim-Skeleton '/home/visit' route [] {"uid":"b66a36c"}
[2017-03-23 21:21:44] slim-app.INFO: Slim-Skeleton '/home/dashboard' route [] {"uid":"d561952"}
[2017-03-23 21:22:12] slim-app.INFO: Slim-Skeleton '/home/index' route [] {"uid":"d35a607"}
[2017-03-23 21:22:13] slim-app.INFO: Slim-Skeleton '/home/patient' route [] {"uid":"d597313"}
[2017-03-23 21:22:25] slim-app.INFO: Slim-Skeleton '/home/dashboard' route [] {"uid":"15c6b8c"}
[2017-03-23 21:22:26] slim-app.INFO: Slim-Skeleton '/home/visit' route [] {"uid":"ff731b9"}
[2017-03-23 21:22:26] slim-app.INFO: Slim-Skeleton '/home/medicine' route [] {"uid":"8804d08"}
[2017-03-23 21:22:28] slim-app.INFO: Slim-Skeleton '/home/visit' route [] {"uid":"1a6c629"}
[2017-03-23 21:22:31] slim-app.INFO: Slim-Skeleton '/home/medicine' route [] {"uid":"aca4838"}
[2017-03-23 21:22:32] slim-app.INFO: Slim-Skeleton '/home/visit' route [] {"uid":"964ff3b"}
[2017-03-23 21:23:37] slim-app.INFO: Slim-Skeleton '/home/index' route [] {"uid":"94e2e7a"}
[2017-03-23 21:23:40] slim-app.INFO: Slim-Skeleton '/home/medicine' route [] {"uid":"dbcb3a5"}
[2017-03-23 21:23:41] slim-app.INFO: Slim-Skeleton '/home/patient' route [] {"uid":"852de0a"}
[2017-03-23 21:23:42] slim-app.INFO: Slim-Skeleton '/home/visit' route [] {"uid":"cb962e2"}
[2017-03-23 21:24:10] slim-app.INFO: Slim-Skeleton '/home/logout' route [] {"uid":"bc6a35d"}
[2017-03-23 21:24:10] slim-app.INFO: Slim-Skeleton '/home/login' route [] {"uid":"e689c16"}
[2017-03-24 05:15:54] slim-app.INFO: Slim-Skeleton '/home/login' route [] {"uid":"60fa4c6"}
[2017-03-25 07:30:49] slim-app.INFO: Slim-Skeleton '/home/login' route [] {"uid":"2b8bbb3"}
[2017-03-25 07:31:00] slim-app.INFO: Slim-Skeleton '/home/index' route [] {"uid":"26f5e85"}
[2017-03-25 07:50:10] slim-app.INFO: Slim-Skeleton '/home/index' route [] {"uid":"46a722c"}
[2017-03-25 07:50:12] slim-app.INFO: Slim-Skeleton '/home/medicine' route [] {"uid":"92b2ec0"}
[2017-03-25 07:50:28] slim-app.INFO: Slim-Skeleton '/home/index' route [] {"uid":"22335c5"}
[2017-03-25 07:57:25] slim-app.INFO: Slim-Skeleton '/home/index' route [] {"uid":"cf00aa2"}
[2017-03-25 07:57:29] slim-app.INFO: Slim-Skeleton '/home/medicine' route [] {"uid":"d528ec2"}
[2017-03-25 07:59:00] slim-app.INFO: Slim-Skeleton '/home/index' route [] {"uid":"1e1f587"}
[2017-03-25 07:59:02] slim-app.INFO: Slim-Skeleton 'GET /patient/list' route [] {"uid":"6d8c9e4"}
[2017-03-25 07:59:04] slim-app.INFO: Slim-Skeleton '/home/medicine' route [] {"uid":"35dd1b6"}
[2017-03-25 07:59:05] slim-app.INFO: Slim-Skeleton '/home/visit' route [] {"uid":"0aa8122"}
[2017-03-25 08:05:39] slim-app.INFO: Slim-Skeleton '/home/index' route [] {"uid":"53806c6"}
[2017-03-25 08:05:40] slim-app.INFO: Slim-Skeleton 'GET /patient/list' route [] {"uid":"ed37587"}
[2017-03-25 08:25:04] slim-app.INFO: Slim-Skeleton '/home/index' route [] {"uid":"06000d4"}
[2017-03-25 08:25:06] slim-app.INFO: Slim-Skeleton 'GET /patient/list' route [] {"uid":"961f839"}
[2017-03-25 08:29:02] slim-app.INFO: Slim-Skeleton '/home/index' route [] {"uid":"f325766"}
[2017-03-25 08:29:04] slim-app.INFO: Slim-Skeleton 'GET /patient/list' route [] {"uid":"cbcbc66"}
[2017-03-25 08:29:17] slim-app.INFO: Slim-Skeleton '/home/index' route [] {"uid":"39bd7af"}
[2017-03-25 08:29:21] slim-app.INFO: Slim-Skeleton 'GET /patient/list' route [] {"uid":"b588e65"}
[2017-03-25 08:32:09] slim-app.INFO: Slim-Skeleton '/home/index' route [] {"uid":"78cc6fa"}
[2017-03-25 08:32:11] slim-app.INFO: Slim-Skeleton '/home/medicine' route [] {"uid":"793adba"}
[2017-03-25 08:32:13] slim-app.INFO: Slim-Skeleton 'GET /patient/list' route [] {"uid":"3f3a55c"}
[2017-03-25 08:32:59] slim-app.INFO: Slim-Skeleton '/home/index' route [] {"uid":"e8f7f39"}
[2017-03-25 08:33:02] slim-app.INFO: Slim-Skeleton 'GET /patient/list' route [] {"uid":"c19b462"}
[2017-03-25 08:33:43] slim-app.INFO: Slim-Skeleton 'GET /patient/list' route [] {"uid":"c3a60b4"}
[2017-03-25 10:02:33] slim-app.INFO: Slim-Skeleton '/home/index' route [] {"uid":"d1463e7"}
[2017-03-25 10:02:35] slim-app.INFO: Slim-Skeleton '/home/index' route [] {"uid":"74d8971"}
[2017-03-25 10:02:36] slim-app.INFO: Slim-Skeleton 'GET /patient/list' route [] {"uid":"97c9ae4"}
[2017-03-25 10:02:54] slim-app.INFO: Slim-Skeleton 'GET /patient/list' route [] {"uid":"d4615e1"}
[2017-03-25 10:03:40] slim-app.INFO: Slim-Skeleton '/home/index' route [] {"uid":"7f3ac42"}
[2017-03-25 10:03:42] slim-app.INFO: Slim-Skeleton 'GET /patient/list' route [] {"uid":"6843339"}
[2017-03-25 10:06:08] slim-app.INFO: Slim-Skeleton '/home/index' route [] {"uid":"120052b"}
[2017-03-25 10:06:11] slim-app.INFO: Slim-Skeleton 'GET /patient/list' route [] {"uid":"cce1ff6"}
[2017-03-25 10:06:30] slim-app.INFO: Slim-Skeleton '/home/index' route [] {"uid":"f75de31"}
[2017-03-25 10:06:34] slim-app.INFO: Slim-Skeleton 'GET /patient/list' route [] {"uid":"58e3368"}
[2017-03-25 10:06:43] slim-app.INFO: Slim-Skeleton 'GET /patient/add' route [] {"uid":"b5a6ef6"}
[2017-03-25 10:07:36] slim-app.INFO: Slim-Skeleton 'GET /patient/add' route [] {"uid":"f01fd9b"}
[2017-03-25 10:07:56] slim-app.INFO: Slim-Skeleton 'GET /patient/add' route [] {"uid":"bd2441d"}
[2017-03-25 10:12:16] slim-app.INFO: Slim-Skeleton 'GET /patient/add' route [] {"uid":"672b40f"}
[2017-03-25 10:15:21] slim-app.INFO: Slim-Skeleton 'GET /patient/add' route [] {"uid":"74d1e22"}
[2017-03-25 10:16:15] slim-app.INFO: Slim-Skeleton 'GET /patient/add' route [] {"uid":"4b0609e"}
[2017-03-25 10:16:17] slim-app.INFO: Slim-Skeleton '/home/index' route [] {"uid":"413164a"}
[2017-03-25 10:16:18] slim-app.INFO: Slim-Skeleton 'GET /patient/list' route [] {"uid":"8233535"}
[2017-03-25 10:16:20] slim-app.INFO: Slim-Skeleton 'GET /patient/add' route [] {"uid":"6337c47"}
[2017-03-25 10:16:51] slim-app.INFO: Slim-Skeleton '/home/index' route [] {"uid":"ce7e511"}
[2017-03-25 10:16:52] slim-app.INFO: Slim-Skeleton 'GET /patient/list' route [] {"uid":"0f6a8a7"}
[2017-03-25 10:16:54] slim-app.INFO: Slim-Skeleton 'GET /patient/add' route [] {"uid":"95e3fec"}
[2017-03-25 10:18:32] slim-app.INFO: Slim-Skeleton '/home/index' route [] {"uid":"3f5ea0c"}
[2017-03-25 10:18:33] slim-app.INFO: Slim-Skeleton 'GET /patient/list' route [] {"uid":"483a11a"}
[2017-03-25 10:18:47] slim-app.INFO: Slim-Skeleton '/home/index' route [] {"uid":"3e742f1"}
[2017-03-25 10:18:48] slim-app.INFO: Slim-Skeleton 'GET /patient/list' route [] {"uid":"fcf7130"}
[2017-03-25 10:18:50] slim-app.INFO: Slim-Skeleton 'GET /patient/add' route [] {"uid":"508a0de"}
[2017-03-25 10:19:15] slim-app.INFO: Slim-Skeleton '/home/index' route [] {"uid":"980215c"}
[2017-03-25 10:19:16] slim-app.INFO: Slim-Skeleton 'GET /patient/list' route [] {"uid":"3a7290b"}
[2017-03-25 10:19:17] slim-app.INFO: Slim-Skeleton 'GET /patient/add' route [] {"uid":"62b0744"}
[2017-03-25 10:19:35] slim-app.INFO: Slim-Skeleton '/home/index' route [] {"uid":"95f623e"}
[2017-03-25 10:19:37] slim-app.INFO: Slim-Skeleton 'GET /patient/list' route [] {"uid":"c604a79"}
[2017-03-25 10:19:38] slim-app.INFO: Slim-Skeleton 'GET /patient/add' route [] {"uid":"83b31e4"}
[2017-03-25 10:19:54] slim-app.INFO: Slim-Skeleton '/home/index' route [] {"uid":"714b9c0"}
[2017-03-25 10:19:55] slim-app.INFO: Slim-Skeleton 'GET /patient/list' route [] {"uid":"3ef487b"}
[2017-03-25 10:19:57] slim-app.INFO: Slim-Skeleton 'GET /patient/add' route [] {"uid":"25fa20f"}
[2017-03-25 10:20:09] slim-app.INFO: Slim-Skeleton '/home/index' route [] {"uid":"8ac4fcf"}
[2017-03-25 10:20:10] slim-app.INFO: Slim-Skeleton 'GET /patient/list' route [] {"uid":"e79ed18"}
[2017-03-25 10:20:12] slim-app.INFO: Slim-Skeleton 'GET /patient/add' route [] {"uid":"bf0eeff"}
[2017-03-25 10:23:08] slim-app.INFO: Slim-Skeleton '/home/index' route [] {"uid":"9ae513d"}
[2017-03-25 10:23:09] slim-app.INFO: Slim-Skeleton 'GET /patient/list' route [] {"uid":"b6a2cb6"}
[2017-03-25 10:23:11] slim-app.INFO: Slim-Skeleton 'GET /patient/add' route [] {"uid":"a4120f5"}
[2017-03-25 10:24:14] slim-app.INFO: Slim-Skeleton '/home/index' route [] {"uid":"b1f7605"}
[2017-03-25 10:24:15] slim-app.INFO: Slim-Skeleton 'GET /patient/list' route [] {"uid":"f4b319b"}
[2017-03-25 10:24:16] slim-app.INFO: Slim-Skeleton 'GET /patient/add' route [] {"uid":"5f2d8ec"}
[2017-03-25 10:24:55] slim-app.INFO: Slim-Skeleton 'GET /patient/add' route [] {"uid":"dbff5fa"}
[2017-03-25 10:25:07] slim-app.INFO: Slim-Skeleton 'GET /patient/add' route [] {"uid":"3fafd7c"}
[2017-03-25 10:25:41] slim-app.INFO: Slim-Skeleton 'GET /patient/add' route [] {"uid":"e4a26e5"}
[2017-03-25 10:26:54] slim-app.INFO: Slim-Skeleton 'GET /patient/add' route [] {"uid":"4bbf263"}
[2017-03-25 10:27:43] slim-app.INFO: Slim-Skeleton 'GET /patient/add' route [] {"uid":"89dee96"}
[2017-03-25 10:29:01] slim-app.INFO: Slim-Skeleton 'GET /patient/add' route [] {"uid":"7205bd6"}
[2017-03-25 10:29:57] slim-app.INFO: Slim-Skeleton 'GET /patient/add' route [] {"uid":"bc212c9"}
[2017-03-25 10:30:36] slim-app.INFO: Slim-Skeleton 'GET /patient/add' route [] {"uid":"2366375"}
[2017-03-25 10:31:23] slim-app.INFO: Slim-Skeleton 'GET /patient/add' route [] {"uid":"e3ae6b4"}
[2017-03-25 10:34:26] slim-app.INFO: Slim-Skeleton 'GET /patient/add' route [] {"uid":"f03527f"}
[2017-03-25 10:35:09] slim-app.INFO: Slim-Skeleton 'GET /patient/add' route [] {"uid":"5cba718"}
[2017-03-25 10:35:16] slim-app.INFO: Slim-Skeleton '/home/index' route [] {"uid":"77b00e0"}
[2017-03-25 10:35:18] slim-app.INFO: Slim-Skeleton 'GET /patient/list' route [] {"uid":"7e7ebe9"}
[2017-03-25 10:35:19] slim-app.INFO: Slim-Skeleton 'GET /patient/add' route [] {"uid":"da897f2"}
[2017-03-25 10:37:03] slim-app.INFO: Slim-Skeleton '/home/index' route [] {"uid":"381f1b6"}
[2017-03-25 10:37:05] slim-app.INFO: Slim-Skeleton 'GET /patient/list' route [] {"uid":"db8330b"}
[2017-03-25 10:37:06] slim-app.INFO: Slim-Skeleton 'GET /patient/add' route [] {"uid":"c32735a"}
[2017-03-25 10:37:13] slim-app.INFO: Slim-Skeleton '/home/index' route [] {"uid":"9c8d84e"}
[2017-03-25 10:37:14] slim-app.INFO: Slim-Skeleton 'GET /patient/list' route [] {"uid":"cd23901"}
[2017-03-25 10:37:16] slim-app.INFO: Slim-Skeleton 'GET /patient/add' route [] {"uid":"628c850"}
[2017-03-25 10:39:47] slim-app.INFO: Slim-Skeleton '/home/index' route [] {"uid":"2632923"}
[2017-03-25 10:39:48] slim-app.INFO: Slim-Skeleton 'GET /patient/list' route [] {"uid":"e6b9d7a"}
[2017-03-25 10:39:49] slim-app.INFO: Slim-Skeleton 'GET /patient/add' route [] {"uid":"858e366"}
[2017-03-25 10:42:28] slim-app.INFO: Slim-Skeleton '/home/index' route [] {"uid":"3867198"}
[2017-03-25 10:42:34] slim-app.INFO: Slim-Skeleton '/home/index' route [] {"uid":"5e60a13"}
[2017-03-25 10:42:35] slim-app.INFO: Slim-Skeleton 'GET /patient/list' route [] {"uid":"d418fc4"}
[2017-03-25 10:42:37] slim-app.INFO: Slim-Skeleton 'GET /patient/add' route [] {"uid":"ada6711"}
[2017-03-25 10:42:45] slim-app.INFO: Slim-Skeleton '/home/index' route [] {"uid":"5d3bc9b"}
[2017-03-25 10:42:47] slim-app.INFO: Slim-Skeleton 'GET /patient/list' route [] {"uid":"62ce205"}
[2017-03-25 10:42:49] slim-app.INFO: Slim-Skeleton 'GET /patient/add' route [] {"uid":"c1d98fd"}
[2017-03-25 10:43:42] slim-app.INFO: Slim-Skeleton '/home/index' route [] {"uid":"1e9a1a2"}
[2017-03-25 10:43:43] slim-app.INFO: Slim-Skeleton 'GET /patient/list' route [] {"uid":"2e0d287"}
[2017-03-25 10:43:45] slim-app.INFO: Slim-Skeleton 'GET /patient/add' route [] {"uid":"3bbd68a"}
[2017-03-25 10:43:51] slim-app.INFO: Slim-Skeleton '/home/index' route [] {"uid":"5c4db33"}
[2017-03-25 10:43:53] slim-app.INFO: Slim-Skeleton 'GET /patient/list' route [] {"uid":"ce0fb4e"}
[2017-03-25 10:44:07] slim-app.INFO: Slim-Skeleton '/home/login' route [] {"uid":"d76ae6f"}
[2017-03-25 10:44:16] slim-app.INFO: Slim-Skeleton '/home/index' route [] {"uid":"4895739"}
[2017-03-25 10:44:17] slim-app.INFO: Slim-Skeleton 'GET /patient/list' route [] {"uid":"4cdf61c"}
[2017-03-25 10:44:20] slim-app.INFO: Slim-Skeleton 'GET /patient/add' route [] {"uid":"b59f5b2"}
[2017-03-25 10:45:35] slim-app.INFO: Slim-Skeleton '/home/index' route [] {"uid":"ced9218"}
[2017-03-25 10:45:36] slim-app.INFO: Slim-Skeleton 'GET /patient/list' route [] {"uid":"571f504"}
[2017-03-25 10:45:37] slim-app.INFO: Slim-Skeleton 'GET /patient/add' route [] {"uid":"640298b"}
[2017-03-25 10:45:52] slim-app.INFO: Slim-Skeleton '/home/index' route [] {"uid":"a90a3b7"}
[2017-03-25 10:45:58] slim-app.INFO: Slim-Skeleton '/home/index' route [] {"uid":"2379717"}
[2017-03-25 10:46:00] slim-app.INFO: Slim-Skeleton 'GET /patient/list' route [] {"uid":"bf05784"}
[2017-03-25 10:46:01] slim-app.INFO: Slim-Skeleton 'GET /patient/add' route [] {"uid":"4408421"}
[2017-03-25 10:47:33] slim-app.INFO: Slim-Skeleton '/home/index' route [] {"uid":"27c6b23"}
[2017-03-25 10:47:35] slim-app.INFO: Slim-Skeleton 'GET /patient/list' route [] {"uid":"47a8f0e"}
[2017-03-25 10:47:36] slim-app.INFO: Slim-Skeleton 'GET /patient/add' route [] {"uid":"52d75c2"}
[2017-03-25 10:47:59] slim-app.INFO: Slim-Skeleton '/home/index' route [] {"uid":"5de7914"}
[2017-03-25 10:48:00] slim-app.INFO: Slim-Skeleton 'GET /patient/list' route [] {"uid":"5de744f"}
[2017-03-25 10:48:01] slim-app.INFO: Slim-Skeleton 'GET /patient/add' route [] {"uid":"aedcbf6"}
[2017-03-25 10:48:33] slim-app.INFO: Slim-Skeleton 'GET /patient/add' route [] {"uid":"84b9cbe"}
[2017-03-25 10:48:43] slim-app.INFO: Slim-Skeleton 'GET /patient/add' route [] {"uid":"130f3ec"}
[2017-03-25 10:48:45] slim-app.INFO: Slim-Skeleton '/home/index' route [] {"uid":"a76dc07"}
[2017-03-25 10:48:49] slim-app.INFO: Slim-Skeleton 'GET /patient/list' route [] {"uid":"d7ac1ff"}
[2017-03-25 10:48:50] slim-app.INFO: Slim-Skeleton 'GET /patient/add' route [] {"uid":"fad47e3"}
[2017-03-25 10:49:04] slim-app.INFO: Slim-Skeleton '/home/index' route [] {"uid":"e5a4005"}
[2017-03-25 10:49:05] slim-app.INFO: Slim-Skeleton 'GET /patient/list' route [] {"uid":"2055788"}
[2017-03-25 10:49:06] slim-app.INFO: Slim-Skeleton 'GET /patient/add' route [] {"uid":"398c82d"}
[2017-03-25 10:49:21] slim-app.INFO: Slim-Skeleton '/home/index' route [] {"uid":"f1aa91a"}
[2017-03-25 10:49:22] slim-app.INFO: Slim-Skeleton 'GET /patient/list' route [] {"uid":"576fc01"}
[2017-03-25 10:49:23] slim-app.INFO: Slim-Skeleton 'GET /patient/add' route [] {"uid":"5164490"}
[2017-03-25 10:49:57] slim-app.INFO: Slim-Skeleton '/home/index' route [] {"uid":"eb8f7f6"}
[2017-03-25 10:50:00] slim-app.INFO: Slim-Skeleton 'GET /patient/list' route [] {"uid":"4b1e4e2"}
[2017-03-25 10:50:01] slim-app.INFO: Slim-Skeleton 'GET /patient/add' route [] {"uid":"a16cb32"}
[2017-03-25 10:50:03] slim-app.INFO: Slim-Skeleton '/home/index' route [] {"uid":"ceb27b3"}
[2017-03-25 10:50:04] slim-app.INFO: Slim-Skeleton 'GET /patient/list' route [] {"uid":"f67941f"}
[2017-03-25 10:50:05] slim-app.INFO: Slim-Skeleton 'GET /patient/add' route [] {"uid":"77eda78"}
[2017-03-25 10:50:11] slim-app.INFO: Slim-Skeleton '/home/index' route [] {"uid":"b810338"}
[2017-03-25 10:50:13] slim-app.INFO: Slim-Skeleton 'GET /patient/list' route [] {"uid":"dd02f9d"}
[2017-03-25 10:50:14] slim-app.INFO: Slim-Skeleton 'GET /patient/add' route [] {"uid":"d124c43"}
[2017-03-25 10:50:20] slim-app.INFO: Slim-Skeleton 'GET /patient/add' route [] {"uid":"3d9c812"}
[2017-03-25 10:51:16] slim-app.INFO: Slim-Skeleton '/home/index' route [] {"uid":"f4e462f"}
[2017-03-25 10:51:18] slim-app.INFO: Slim-Skeleton 'GET /patient/list' route [] {"uid":"bf0c67d"}
[2017-03-25 10:51:19] slim-app.INFO: Slim-Skeleton 'GET /patient/add' route [] {"uid":"8347e2b"}
[2017-03-25 10:52:22] slim-app.INFO: Slim-Skeleton '/home/index' route [] {"uid":"1cb7f58"}
[2017-03-25 10:52:24] slim-app.INFO: Slim-Skeleton 'GET /patient/list' route [] {"uid":"6af8fe7"}
[2017-03-25 10:52:35] slim-app.INFO: Slim-Skeleton 'GET /patient/add' route [] {"uid":"aae30de"}
[2017-03-25 11:02:29] slim-app.INFO: Slim-Skeleton '/home/index' route [] {"uid":"09360c0"}
[2017-03-25 11:02:30] slim-app.INFO: Slim-Skeleton 'GET /patient/list' route [] {"uid":"3fee3fc"}
[2017-03-25 11:02:32] slim-app.INFO: Slim-Skeleton 'GET /patient/add' route [] {"uid":"d612212"}
[2017-03-25 11:03:47] slim-app.INFO: Slim-Skeleton '/home/index' route [] {"uid":"5de2269"}
[2017-03-25 11:03:48] slim-app.INFO: Slim-Skeleton 'GET /patient/list' route [] {"uid":"04d19a9"}
[2017-03-25 11:03:50] slim-app.INFO: Slim-Skeleton 'GET /patient/add' route [] {"uid":"9b7fc7f"}
[2017-03-25 11:06:07] slim-app.INFO: Slim-Skeleton '/home/index' route [] {"uid":"ce1aa83"}
[2017-03-25 11:06:09] slim-app.INFO: Slim-Skeleton 'GET /patient/list' route [] {"uid":"4b05c94"}
[2017-03-25 11:06:10] slim-app.INFO: Slim-Skeleton 'GET /patient/add' route [] {"uid":"b5a15f6"}
[2017-03-25 11:06:34] slim-app.INFO: Slim-Skeleton 'GET /patient/add' route [] {"uid":"e5fd3d3"}
[2017-03-25 11:06:51] slim-app.INFO: Slim-Skeleton 'GET /patient/add' route [] {"uid":"4e12301"}
[2017-03-25 11:07:03] slim-app.INFO: Slim-Skeleton 'GET /patient/add' route [] {"uid":"6dfea23"}
[2017-03-25 11:07:21] slim-app.INFO: Slim-Skeleton '/home/index' route [] {"uid":"711369f"}
[2017-03-25 11:07:22] slim-app.INFO: Slim-Skeleton 'GET /patient/list' route [] {"uid":"ea40fc0"}
[2017-03-25 11:07:24] slim-app.INFO: Slim-Skeleton 'GET /patient/add' route [] {"uid":"966f5ed"}
[2017-03-25 11:07:45] slim-app.INFO: Slim-Skeleton '/home/index' route [] {"uid":"ccd683b"}
[2017-03-25 11:07:46] slim-app.INFO: Slim-Skeleton 'GET /patient/list' route [] {"uid":"a10b0f4"}
[2017-03-25 11:07:48] slim-app.INFO: Slim-Skeleton 'GET /patient/add' route [] {"uid":"db075d0"}
[2017-03-25 11:08:02] slim-app.INFO: Slim-Skeleton '/home/index' route [] {"uid":"6b6762a"}
[2017-03-25 11:08:03] slim-app.INFO: Slim-Skeleton 'GET /patient/list' route [] {"uid":"c340307"}
[2017-03-25 11:08:04] slim-app.INFO: Slim-Skeleton 'GET /patient/add' route [] {"uid":"1c10574"}
[2017-03-25 11:08:37] slim-app.INFO: Slim-Skeleton '/home/index' route [] {"uid":"8049f8a"}
[2017-03-25 11:08:40] slim-app.INFO: Slim-Skeleton 'GET /patient/list' route [] {"uid":"d2fa849"}
[2017-03-25 11:08:41] slim-app.INFO: Slim-Skeleton 'GET /patient/add' route [] {"uid":"293f686"}
[2017-03-25 11:09:17] slim-app.INFO: Slim-Skeleton '/home/index' route [] {"uid":"7a3a68e"}
[2017-03-25 11:09:18] slim-app.INFO: Slim-Skeleton 'GET /patient/list' route [] {"uid":"da2dfaf"}
[2017-03-25 11:09:19] slim-app.INFO: Slim-Skeleton 'GET /patient/add' route [] {"uid":"e0c4ea9"}
[2017-03-25 11:10:17] slim-app.INFO: Slim-Skeleton '/home/index' route [] {"uid":"7ff95f7"}
[2017-03-25 11:10:18] slim-app.INFO: Slim-Skeleton 'GET /patient/list' route [] {"uid":"f02db64"}
[2017-03-25 11:10:20] slim-app.INFO: Slim-Skeleton 'GET /patient/add' route [] {"uid":"09ce82d"}
[2017-03-25 11:10:49] slim-app.INFO: Slim-Skeleton '/home/index' route [] {"uid":"3b00bd9"}
[2017-03-25 11:10:50] slim-app.INFO: Slim-Skeleton 'GET /patient/list' route [] {"uid":"4f27201"}
[2017-03-25 11:10:52] slim-app.INFO: Slim-Skeleton 'GET /patient/add' route [] {"uid":"01e68b9"}
[2017-03-25 11:11:36] slim-app.INFO: Slim-Skeleton '/home/index' route [] {"uid":"217f246"}
[2017-03-25 11:11:37] slim-app.INFO: Slim-Skeleton 'GET /patient/list' route [] {"uid":"2f60a57"}
[2017-03-25 11:11:38] slim-app.INFO: Slim-Skeleton 'GET /patient/add' route [] {"uid":"b516a11"}
[2017-03-25 11:12:29] slim-app.INFO: Slim-Skeleton '/home/index' route [] {"uid":"00863a1"}
[2017-03-25 11:12:31] slim-app.INFO: Slim-Skeleton 'GET /patient/list' route [] {"uid":"4b28a08"}
[2017-03-25 11:12:32] slim-app.INFO: Slim-Skeleton 'GET /patient/add' route [] {"uid":"0632cae"}
[2017-03-25 11:14:00] slim-app.INFO: Slim-Skeleton '/home/index' route [] {"uid":"f1d7421"}
[2017-03-25 11:14:01] slim-app.INFO: Slim-Skeleton 'GET /patient/list' route [] {"uid":"404a620"}
[2017-03-25 11:14:03] slim-app.INFO: Slim-Skeleton 'GET /patient/add' route [] {"uid":"82d1c13"}
[2017-03-25 11:14:22] slim-app.INFO: Slim-Skeleton '/home/index' route [] {"uid":"7877ae2"}
[2017-03-25 11:14:24] slim-app.INFO: Slim-Skeleton 'GET /patient/list' route [] {"uid":"d5e00a3"}
[2017-03-25 11:14:25] slim-app.INFO: Slim-Skeleton 'GET /patient/add' route [] {"uid":"48acd97"}
[2017-03-25 11:14:46] slim-app.INFO: Slim-Skeleton '/home/index' route [] {"uid":"b637855"}
[2017-03-25 11:14:48] slim-app.INFO: Slim-Skeleton 'GET /patient/list' route [] {"uid":"3d8a199"}
[2017-03-25 11:14:49] slim-app.INFO: Slim-Skeleton 'GET /patient/add' route [] {"uid":"82e8366"}
[2017-03-25 11:15:06] slim-app.INFO: Slim-Skeleton '/home/index' route [] {"uid":"5090e26"}
[2017-03-25 11:15:09] slim-app.INFO: Slim-Skeleton 'GET /patient/list' route [] {"uid":"4b047e3"}
[2017-03-25 11:15:10] slim-app.INFO: Slim-Skeleton 'GET /patient/add' route [] {"uid":"6a05c59"}
[2017-03-25 11:15:40] slim-app.INFO: Slim-Skeleton '/home/index' route [] {"uid":"2cad2a2"}
[2017-03-25 11:15:41] slim-app.INFO: Slim-Skeleton 'GET /patient/list' route [] {"uid":"c5ec2be"}
[2017-03-25 11:15:42] slim-app.INFO: Slim-Skeleton 'GET /patient/add' route [] {"uid":"f207012"}
[2017-03-25 11:15:58] slim-app.INFO: Slim-Skeleton '/home/index' route [] {"uid":"801757f"}
[2017-03-25 11:16:00] slim-app.INFO: Slim-Skeleton 'GET /patient/list' route [] {"uid":"ef573c8"}
[2017-03-25 11:16:01] slim-app.INFO: Slim-Skeleton 'GET /patient/add' route [] {"uid":"0544f8a"}
[2017-03-25 11:16:11] slim-app.INFO: Slim-Skeleton '/home/index' route [] {"uid":"173768a"}
[2017-03-25 11:16:12] slim-app.INFO: Slim-Skeleton 'GET /patient/list' route [] {"uid":"40962e2"}
[2017-03-25 11:16:14] slim-app.INFO: Slim-Skeleton 'GET /patient/add' route [] {"uid":"d2cabda"}
[2017-03-25 11:16:30] slim-app.INFO: Slim-Skeleton '/home/index' route [] {"uid":"b06df55"}
[2017-03-25 11:16:31] slim-app.INFO: Slim-Skeleton 'GET /patient/list' route [] {"uid":"57cb94d"}
[2017-03-25 11:16:33] slim-app.INFO: Slim-Skeleton 'GET /patient/add' route [] {"uid":"28b748e"}
[2017-03-25 11:16:57] slim-app.INFO: Slim-Skeleton '/home/index' route [] {"uid":"97e2fe0"}
[2017-03-25 11:16:58] slim-app.INFO: Slim-Skeleton 'GET /patient/list' route [] {"uid":"5260dfe"}
[2017-03-25 11:17:00] slim-app.INFO: Slim-Skeleton 'GET /patient/add' route [] {"uid":"c4c4ba9"}
[2017-03-25 11:17:28] slim-app.INFO: Slim-Skeleton '/home/index' route [] {"uid":"b2fbd86"}
[2017-03-25 11:17:29] slim-app.INFO: Slim-Skeleton 'GET /patient/list' route [] {"uid":"cd569df"}
[2017-03-25 11:17:31] slim-app.INFO: Slim-Skeleton 'GET /patient/add' route [] {"uid":"73df300"}
[2017-03-25 11:18:06] slim-app.INFO: Slim-Skeleton '/home/index' route [] {"uid":"93175c3"}
[2017-03-25 11:18:07] slim-app.INFO: Slim-Skeleton 'GET /patient/list' route [] {"uid":"4c845fc"}
[2017-03-25 11:18:09] slim-app.INFO: Slim-Skeleton 'GET /patient/add' route [] {"uid":"b910a08"}
[2017-03-25 11:19:00] slim-app.INFO: Slim-Skeleton 'GET /patient/add' route [] {"uid":"20315de"}
[2017-03-25 11:19:50] slim-app.INFO: Slim-Skeleton '/home/index' route [] {"uid":"0cffb7a"}
[2017-03-25 11:19:51] slim-app.INFO: Slim-Skeleton 'GET /patient/list' route [] {"uid":"275174e"}
[2017-03-25 11:19:53] slim-app.INFO: Slim-Skeleton 'GET /patient/add' route [] {"uid":"648e942"}
[2017-03-25 11:21:17] slim-app.INFO: Slim-Skeleton '/home/index' route [] {"uid":"ef7162e"}
[2017-03-25 11:21:20] slim-app.INFO: Slim-Skeleton 'GET /patient/list' route [] {"uid":"81376c1"}
[2017-03-25 11:21:21] slim-app.INFO: Slim-Skeleton 'GET /patient/add' route [] {"uid":"27b146a"}
[2017-03-25 11:21:47] slim-app.INFO: Slim-Skeleton '/home/index' route [] {"uid":"5dcb134"}
[2017-03-25 11:21:52] slim-app.INFO: Slim-Skeleton '/home/index' route [] {"uid":"8cbf1ba"}
[2017-03-25 11:21:53] slim-app.INFO: Slim-Skeleton 'GET /patient/list' route [] {"uid":"0ce778b"}
[2017-03-25 11:21:54] slim-app.INFO: Slim-Skeleton 'GET /patient/add' route [] {"uid":"6d2dd0c"}
[2017-03-25 11:22:12] slim-app.INFO: Slim-Skeleton '/home/index' route [] {"uid":"6ee6948"}
[2017-03-25 11:22:14] slim-app.INFO: Slim-Skeleton 'GET /patient/list' route [] {"uid":"1a6fd59"}
[2017-03-25 11:22:15] slim-app.INFO: Slim-Skeleton 'GET /patient/add' route [] {"uid":"6073399"}
[2017-03-25 11:25:12] slim-app.INFO: Slim-Skeleton '/home/index' route [] {"uid":"dec187d"}
[2017-03-25 11:25:13] slim-app.INFO: Slim-Skeleton 'GET /patient/list' route [] {"uid":"cf0fabe"}
[2017-03-25 11:25:15] slim-app.INFO: Slim-Skeleton 'GET /patient/add' route [] {"uid":"4a4c68b"}
[2017-03-25 11:25:49] slim-app.INFO: Slim-Skeleton '/home/index' route [] {"uid":"653bf4e"}
[2017-03-25 11:25:50] slim-app.INFO: Slim-Skeleton 'GET /patient/list' route [] {"uid":"55e7b70"}
[2017-03-25 11:25:51] slim-app.INFO: Slim-Skeleton 'GET /patient/add' route [] {"uid":"8a468e5"}
[2017-03-25 11:26:28] slim-app.INFO: Slim-Skeleton '/home/index' route [] {"uid":"041601a"}
[2017-03-25 11:26:30] slim-app.INFO: Slim-Skeleton 'GET /patient/list' route [] {"uid":"6cd6e60"}
[2017-03-25 11:26:31] slim-app.INFO: Slim-Skeleton 'GET /patient/add' route [] {"uid":"29cbdae"}
[2017-03-25 11:26:51] slim-app.INFO: Slim-Skeleton '/home/index' route [] {"uid":"c2ef044"}
[2017-03-25 11:26:52] slim-app.INFO: Slim-Skeleton 'GET /patient/list' route [] {"uid":"adcf4e8"}
[2017-03-25 11:26:54] slim-app.INFO: Slim-Skeleton 'GET /patient/add' route [] {"uid":"3463a60"}
[2017-03-25 11:27:06] slim-app.INFO: Slim-Skeleton '/home/index' route [] {"uid":"237a1fe"}
[2017-03-25 11:27:07] slim-app.INFO: Slim-Skeleton 'GET /patient/list' route [] {"uid":"5c543eb"}
[2017-03-25 11:27:08] slim-app.INFO: Slim-Skeleton 'GET /patient/add' route [] {"uid":"6b89727"}
[2017-03-25 11:27:21] slim-app.INFO: Slim-Skeleton '/home/index' route [] {"uid":"2560533"}
[2017-03-25 11:27:22] slim-app.INFO: Slim-Skeleton 'GET /patient/list' route [] {"uid":"e896638"}
[2017-03-25 11:27:24] slim-app.INFO: Slim-Skeleton 'GET /patient/add' route [] {"uid":"4202e70"}
[2017-03-25 11:30:01] slim-app.INFO: Slim-Skeleton 'GET /patient/add' route [] {"uid":"30812ac"}
[2017-03-25 11:30:42] slim-app.INFO: Slim-Skeleton 'GET /patient/add' route [] {"uid":"cf838c1"}
[2017-03-25 11:42:34] slim-app.INFO: Slim-Skeleton 'GET /patient/add' route [] {"uid":"ec6ec8c"}
[2017-03-25 11:42:37] slim-app.INFO: Slim-Skeleton 'GET /patient/add' route [] {"uid":"a809ea6"}
[2017-03-25 11:42:47] slim-app.INFO: Slim-Skeleton 'GET /patient/add' route [] {"uid":"467bb80"}
[2017-03-25 11:43:30] slim-app.INFO: Slim-Skeleton 'GET /patient/add' route [] {"uid":"b50ce80"}
[2017-03-25 11:44:05] slim-app.INFO: Slim-Skeleton 'GET /patient/add' route [] {"uid":"8399859"}
[2017-03-25 11:45:29] slim-app.INFO: Slim-Skeleton 'GET /patient/add' route [] {"uid":"7ae9644"}
[2017-03-25 11:45:38] slim-app.INFO: Slim-Skeleton 'GET /patient/add' route [] {"uid":"b4d15d5"}
[2017-03-25 11:49:09] slim-app.INFO: Slim-Skeleton '/home/index' route [] {"uid":"b6ca0ae"}
[2017-03-25 11:49:10] slim-app.INFO: Slim-Skeleton 'GET /patient/list' route [] {"uid":"6ccf59b"}
[2017-03-25 11:49:12] slim-app.INFO: Slim-Skeleton 'GET /patient/add' route [] {"uid":"81c5b76"}
[2017-03-25 11:51:41] slim-app.INFO: Slim-Skeleton 'GET /patient/add' route [] {"uid":"9f05b46"}
[2017-03-25 12:23:17] slim-app.INFO: Slim-Skeleton 'GET /patient/add' route [] {"uid":"b821cbe"}
[2017-03-25 12:25:18] slim-app.INFO: Slim-Skeleton '/home/index' route [] {"uid":"a6fa3ab"}
[2017-03-25 12:25:19] slim-app.INFO: Slim-Skeleton 'GET /patient/list' route [] {"uid":"c74381a"}
[2017-03-25 12:25:21] slim-app.INFO: Slim-Skeleton 'GET /patient/add' route [] {"uid":"f4af53f"}
[2017-03-25 12:25:38] slim-app.INFO: Slim-Skeleton '/home/index' route [] {"uid":"bbe8d55"}
[2017-03-25 12:25:39] slim-app.INFO: Slim-Skeleton 'GET /patient/list' route [] {"uid":"f8bd7b8"}
[2017-03-25 12:25:40] slim-app.INFO: Slim-Skeleton 'GET /patient/add' route [] {"uid":"595ffdf"}
[2017-03-25 12:26:13] slim-app.INFO: Slim-Skeleton '/home/index' route [] {"uid":"f68dcee"}
[2017-03-25 12:26:15] slim-app.INFO: Slim-Skeleton 'GET /patient/list' route [] {"uid":"0d47ff9"}
[2017-03-25 12:26:18] slim-app.INFO: Slim-Skeleton 'GET /patient/add' route [] {"uid":"7a538e5"}
[2017-03-25 12:27:10] slim-app.INFO: Slim-Skeleton '/home/index' route [] {"uid":"e842df2"}
[2017-03-25 12:27:11] slim-app.INFO: Slim-Skeleton 'GET /patient/list' route [] {"uid":"b7aa0e0"}
[2017-03-25 12:27:13] slim-app.INFO: Slim-Skeleton 'GET /patient/add' route [] {"uid":"f4a20a7"}
[2017-03-25 12:27:42] slim-app.INFO: Slim-Skeleton '/home/index' route [] {"uid":"01510ae"}
[2017-03-25 12:27:46] slim-app.INFO: Slim-Skeleton 'GET /patient/list' route [] {"uid":"0358c8e"}
[2017-03-25 12:27:47] slim-app.INFO: Slim-Skeleton 'GET /patient/add' route [] {"uid":"19b6e2e"}
[2017-03-25 12:28:26] slim-app.INFO: Slim-Skeleton '/home/index' route [] {"uid":"bbddf26"}
[2017-03-25 12:28:27] slim-app.INFO: Slim-Skeleton 'GET /patient/list' route [] {"uid":"f649a8a"}
[2017-03-25 12:28:28] slim-app.INFO: Slim-Skeleton 'GET /patient/add' route [] {"uid":"a5776f5"}
[2017-03-25 12:29:06] slim-app.INFO: Slim-Skeleton '/home/index' route [] {"uid":"41f6904"}
[2017-03-25 12:29:08] slim-app.INFO: Slim-Skeleton 'GET /patient/list' route [] {"uid":"a9b5fdd"}
[2017-03-25 12:29:09] slim-app.INFO: Slim-Skeleton 'GET /patient/add' route [] {"uid":"2f5be3f"}
[2017-03-25 12:29:48] slim-app.INFO: Slim-Skeleton '/home/index' route [] {"uid":"6ef3827"}
[2017-03-25 12:29:50] slim-app.INFO: Slim-Skeleton 'GET /patient/list' route [] {"uid":"59f5df8"}
[2017-03-25 12:29:51] slim-app.INFO: Slim-Skeleton 'GET /patient/add' route [] {"uid":"f5ca70b"}
[2017-03-25 12:30:34] slim-app.INFO: Slim-Skeleton '/home/index' route [] {"uid":"70a947e"}
[2017-03-25 12:30:35] slim-app.INFO: Slim-Skeleton 'GET /patient/list' route [] {"uid":"c9bd741"}
[2017-03-25 12:30:37] slim-app.INFO: Slim-Skeleton 'GET /patient/add' route [] {"uid":"2488141"}
[2017-03-25 12:31:09] slim-app.INFO: Slim-Skeleton '/home/index' route [] {"uid":"ca9a316"}
[2017-03-25 12:31:12] slim-app.INFO: Slim-Skeleton 'GET /patient/list' route [] {"uid":"ca78518"}
[2017-03-25 12:31:13] slim-app.INFO: Slim-Skeleton 'GET /patient/add' route [] {"uid":"0f9518d"}
[2017-03-25 12:31:39] slim-app.INFO: Slim-Skeleton '/home/index' route [] {"uid":"d315c0b"}
[2017-03-25 12:31:41] slim-app.INFO: Slim-Skeleton 'GET /patient/list' route [] {"uid":"440a9d5"}
[2017-03-25 12:31:43] slim-app.INFO: Slim-Skeleton 'GET /patient/add' route [] {"uid":"693ddf4"}
[2017-03-25 12:31:57] slim-app.INFO: Slim-Skeleton '/home/index' route [] {"uid":"ed69ac8"}
[2017-03-25 12:32:00] slim-app.INFO: Slim-Skeleton '/home/index' route [] {"uid":"f8b62d7"}
[2017-03-25 12:32:01] slim-app.INFO: Slim-Skeleton 'GET /patient/list' route [] {"uid":"e86d3a7"}
[2017-03-25 12:32:03] slim-app.INFO: Slim-Skeleton 'GET /patient/add' route [] {"uid":"38716e4"}
[2017-03-25 12:32:54] slim-app.INFO: Slim-Skeleton '/home/index' route [] {"uid":"4c4067b"}
[2017-03-25 12:32:56] slim-app.INFO: Slim-Skeleton '/home/index' route [] {"uid":"2fb6592"}
[2017-03-25 12:32:57] slim-app.INFO: Slim-Skeleton 'GET /patient/list' route [] {"uid":"99aede3"}
[2017-03-25 12:32:58] slim-app.INFO: Slim-Skeleton 'GET /patient/add' route [] {"uid":"6daa126"}
[2017-03-25 12:34:40] slim-app.INFO: Slim-Skeleton '/home/login' route [] {"uid":"62b8235"}
[2017-03-25 12:34:50] slim-app.INFO: Slim-Skeleton '/home/index' route [] {"uid":"609a4ad"}
[2017-03-25 12:34:52] slim-app.INFO: Slim-Skeleton 'GET /patient/list' route [] {"uid":"bc75c2d"}
[2017-03-25 12:34:54] slim-app.INFO: Slim-Skeleton 'GET /patient/add' route [] {"uid":"2eb32c8"}
[2017-03-25 12:38:16] slim-app.INFO: Slim-Skeleton '/home/index' route [] {"uid":"c1dbd72"}
[2017-03-25 12:38:17] slim-app.INFO: Slim-Skeleton 'GET /patient/list' route [] {"uid":"e182d19"}
[2017-03-25 12:38:18] slim-app.INFO: Slim-Skeleton 'GET /patient/add' route [] {"uid":"c36f5ca"}
[2017-03-25 12:45:10] slim-app.INFO: Slim-Skeleton 'GET /patient/add' route [] {"uid":"98873d8"}
[2017-03-25 12:45:12] slim-app.INFO: Slim-Skeleton 'GET /patient/add' route [] {"uid":"07cefbc"}
[2017-03-25 12:59:04] slim-app.INFO: Slim-Skeleton '/home/index' route [] {"uid":"62b2bb0"}
[2017-03-25 12:59:05] slim-app.INFO: Slim-Skeleton 'GET /patient/list' route [] {"uid":"56e0485"}
[2017-03-25 12:59:17] slim-app.INFO: Slim-Skeleton '/home/index' route [] {"uid":"07094d1"}
[2017-03-25 12:59:28] slim-app.INFO: Slim-Skeleton 'GET /patient/list' route [] {"uid":"672eda3"}
[2017-03-25 13:01:40] slim-app.INFO: Slim-Skeleton '/home/index' route [] {"uid":"7830825"}
[2017-03-25 13:01:41] slim-app.INFO: Slim-Skeleton 'GET /patient/list' route [] {"uid":"f4dcae7"}
[2017-03-25 13:01:43] slim-app.INFO: Slim-Skeleton 'GET /patient/add' route [] {"uid":"25d5a7b"}
[2017-03-25 13:34:20] slim-app.INFO: Slim-Skeleton '/home/index' route [] {"uid":"97e5b57"}
[2017-03-25 13:34:22] slim-app.INFO: Slim-Skeleton 'GET /patient/list' route [] {"uid":"b21c88f"}
[2017-03-25 13:34:23] slim-app.INFO: Slim-Skeleton 'GET /patient/add' route [] {"uid":"9e1a9e2"}
[2017-03-25 13:34:35] slim-app.INFO: Slim-Skeleton 'GET /patient/edit' route [] {"uid":"25d41d0"}
[2017-03-25 13:34:50] slim-app.INFO: Slim-Skeleton 'GET /patient/edit' route [] {"uid":"c8a19f2"}
[2017-03-25 13:34:58] slim-app.INFO: Slim-Skeleton 'GET /patient/edit' route [] {"uid":"359859b"}
[2017-03-25 13:40:51] slim-app.INFO: Slim-Skeleton 'GET /patient/edit' route [] {"uid":"bf9f421"}
[2017-03-25 13:40:57] slim-app.INFO: Slim-Skeleton 'GET /patient/edit' route [] {"uid":"1dbe0e3"}
[2017-03-25 13:42:23] slim-app.INFO: Slim-Skeleton '/home/index' route [] {"uid":"38b722a"}
[2017-03-25 13:42:24] slim-app.INFO: Slim-Skeleton 'GET /patient/list' route [] {"uid":"675093b"}
[2017-03-25 13:42:29] slim-app.INFO: Slim-Skeleton 'GET /patient/edit' route [] {"uid":"541c1a8"}
[2017-03-25 13:42:33] slim-app.INFO: Slim-Skeleton 'GET /patient/edit' route [] {"uid":"954a675"}
[2017-03-25 13:42:37] slim-app.INFO: Slim-Skeleton 'GET /patient/edit' route [] {"uid":"36d4bea"}
[2017-03-25 13:43:09] slim-app.INFO: Slim-Skeleton 'GET /patient/edit' route [] {"uid":"eb7f510"}
[2017-03-25 13:45:19] slim-app.INFO: Slim-Skeleton '/home/index' route [] {"uid":"d9d2112"}
[2017-03-25 13:45:22] slim-app.INFO: Slim-Skeleton 'GET /patient/list' route [] {"uid":"85499bf"}
[2017-03-25 13:45:26] slim-app.INFO: Slim-Skeleton 'GET /patient/edit' route [] {"uid":"69460e0"}
[2017-03-25 13:45:30] slim-app.INFO: Slim-Skeleton 'GET /patient/edit' route [] {"uid":"ebd934f"}
[2017-03-25 13:45:37] slim-app.INFO: Slim-Skeleton 'GET /patient/edit' route [] {"uid":"47d2206"}
[2017-03-25 13:45:41] slim-app.INFO: Slim-Skeleton 'GET /patient/edit' route [] {"uid":"fd16706"}
[2017-03-25 13:45:52] slim-app.INFO: Slim-Skeleton 'GET /patient/edit' route [] {"uid":"1094de9"}
[2017-03-25 13:46:24] slim-app.INFO: Slim-Skeleton '/home/index' route [] {"uid":"fba2b37"}
[2017-03-25 13:46:25] slim-app.INFO: Slim-Skeleton 'GET /patient/list' route [] {"uid":"f1897cd"}
[2017-03-25 13:46:28] slim-app.INFO: Slim-Skeleton 'GET /patient/edit' route [] {"uid":"f537752"}
[2017-03-25 13:46:31] slim-app.INFO: Slim-Skeleton 'GET /patient/edit' route [] {"uid":"23c1c10"}
[2017-03-25 13:47:07] slim-app.INFO: Slim-Skeleton '/home/index' route [] {"uid":"0546fdd"}
[2017-03-25 13:47:08] slim-app.INFO: Slim-Skeleton 'GET /patient/list' route [] {"uid":"cc39290"}
[2017-03-25 13:47:11] slim-app.INFO: Slim-Skeleton 'GET /patient/edit' route [] {"uid":"9466595"}
[2017-03-25 13:48:11] slim-app.INFO: Slim-Skeleton '/home/index' route [] {"uid":"57e5ccc"}
[2017-03-25 13:48:12] slim-app.INFO: Slim-Skeleton 'GET /patient/list' route [] {"uid":"ecbb700"}
[2017-03-25 13:48:16] slim-app.INFO: Slim-Skeleton 'GET /patient/edit' route [] {"uid":"0a7eb58"}
[2017-03-25 13:48:28] slim-app.INFO: Slim-Skeleton 'GET /patient/edit' route [] {"uid":"a70f2aa"}
[2017-03-25 13:48:55] slim-app.INFO: Slim-Skeleton 'GET /patient/list' route [] {"uid":"cce0ca9"}
[2017-03-25 13:48:57] slim-app.INFO: Slim-Skeleton 'GET /patient/edit' route [] {"uid":"7ef136d"}
[2017-03-25 13:49:02] slim-app.INFO: Slim-Skeleton 'GET /patient/edit' route [] {"uid":"d8796a9"}
[2017-03-25 13:51:19] slim-app.INFO: Slim-Skeleton '/home/index' route [] {"uid":"03aff29"}
[2017-03-25 13:51:20] slim-app.INFO: Slim-Skeleton 'GET /patient/list' route [] {"uid":"7f5112a"}
[2017-03-25 13:51:22] slim-app.INFO: Slim-Skeleton 'GET /patient/edit' route [] {"uid":"4792b05"}
[2017-03-25 13:52:29] slim-app.INFO: Slim-Skeleton '/home/index' route [] {"uid":"10306ae"}
[2017-03-25 13:52:30] slim-app.INFO: Slim-Skeleton 'GET /patient/list' route [] {"uid":"01eee4c"}
[2017-03-25 13:52:33] slim-app.INFO: Slim-Skeleton 'GET /patient/edit' route [] {"uid":"d9a2728"}
[2017-03-25 14:32:17] slim-app.INFO: Slim-Skeleton '/home/index' route [] {"uid":"2f11984"}
[2017-03-25 14:32:18] slim-app.INFO: Slim-Skeleton 'GET /patient/list' route [] {"uid":"6a018d7"}
[2017-03-25 14:32:21] slim-app.INFO: Slim-Skeleton 'GET /patient/edit' route [] {"uid":"5a4c40f"}
[2017-03-25 14:32:36] slim-app.INFO: Slim-Skeleton 'GET /patient/list' route [] {"uid":"d1e044e"}
[2017-03-25 14:32:40] slim-app.INFO: Slim-Skeleton 'GET /patient/edit' route [] {"uid":"3c73869"}
[2017-03-25 14:33:11] slim-app.INFO: Slim-Skeleton '/home/index' route [] {"uid":"2dec53e"}
[2017-03-25 14:33:13] slim-app.INFO: Slim-Skeleton 'GET /patient/list' route [] {"uid":"cd5f420"}
[2017-03-25 14:33:15] slim-app.INFO: Slim-Skeleton 'GET /patient/edit' route [] {"uid":"30e5a92"}
[2017-03-25 14:33:22] slim-app.INFO: Slim-Skeleton 'GET /patient/edit' route [] {"uid":"fb68f0d"}
[2017-03-25 14:33:50] slim-app.INFO: Slim-Skeleton '/home/index' route [] {"uid":"deb8443"}
[2017-03-25 14:33:52] slim-app.INFO: Slim-Skeleton 'GET /patient/list' route [] {"uid":"4366601"}
[2017-03-25 14:33:55] slim-app.INFO: Slim-Skeleton 'GET /patient/edit' route [] {"uid":"7473f1e"}
[2017-03-25 14:34:01] slim-app.INFO: Slim-Skeleton 'GET /patient/edit' route [] {"uid":"7c6665c"}
[2017-03-25 14:35:53] slim-app.INFO: Slim-Skeleton 'GET /patient/edit' route [] {"uid":"a0b4d17"}
[2017-03-25 14:42:59] slim-app.INFO: Slim-Skeleton 'GET /patient/list' route [] {"uid":"a4709cc"}
[2017-03-25 14:43:02] slim-app.INFO: Slim-Skeleton 'GET /patient/edit' route [] {"uid":"71604a5"}
[2017-03-25 14:46:22] slim-app.INFO: Slim-Skeleton '/home/index' route [] {"uid":"391e983"}
[2017-03-25 14:46:23] slim-app.INFO: Slim-Skeleton 'GET /patient/list' route [] {"uid":"fef4c40"}
[2017-03-25 14:46:27] slim-app.INFO: Slim-Skeleton 'GET /patient/edit' route [] {"uid":"0ac11aa"}
[2017-03-25 14:48:40] slim-app.INFO: Slim-Skeleton '/home/index' route [] {"uid":"8d2d22b"}
[2017-03-25 14:48:41] slim-app.INFO: Slim-Skeleton 'GET /patient/list' route [] {"uid":"e082737"}
[2017-03-25 14:48:43] slim-app.INFO: Slim-Skeleton 'GET /patient/edit' route [] {"uid":"389f81b"}
[2017-03-25 14:49:43] slim-app.INFO: Slim-Skeleton 'GET /patient/add' route [] {"uid":"de64ad6"}
[2017-03-25 14:50:30] slim-app.INFO: Slim-Skeleton 'GET /patient/edit' route [] {"uid":"f57a541"}
[2017-03-25 14:55:00] slim-app.INFO: Slim-Skeleton '/home/index' route [] {"uid":"6109ad3"}
[2017-03-25 14:55:01] slim-app.INFO: Slim-Skeleton 'GET /patient/list' route [] {"uid":"f7dd139"}
[2017-03-25 14:55:05] slim-app.INFO: Slim-Skeleton 'GET /patient/edit' route [] {"uid":"adb432a"}
[2017-03-25 14:55:08] slim-app.INFO: Slim-Skeleton 'GET /patient/edit' route [] {"uid":"a38302f"}
[2017-03-25 14:55:11] slim-app.INFO: Slim-Skeleton 'GET /patient/edit' route [] {"uid":"dc09069"}
[2017-03-25 14:55:15] slim-app.INFO: Slim-Skeleton 'GET /patient/edit' route [] {"uid":"0b8a546"}
[2017-03-25 14:55:22] slim-app.INFO: Slim-Skeleton 'GET /patient/edit' route [] {"uid":"9752370"}
[2017-03-25 14:55:27] slim-app.INFO: Slim-Skeleton 'GET /patient/edit' route [] {"uid":"7596c00"}
[2017-03-25 15:12:56] slim-app.INFO: Slim-Skeleton '/home/index' route [] {"uid":"865758c"}
[2017-03-25 15:12:57] slim-app.INFO: Slim-Skeleton 'GET /patient/list' route [] {"uid":"2a31831"}
[2017-03-25 15:14:35] slim-app.INFO: Slim-Skeleton '/home/index' route [] {"uid":"2db5515"}
[2017-03-25 15:14:36] slim-app.INFO: Slim-Skeleton 'GET /patient/list' route [] {"uid":"0d360f1"}
[2017-03-25 15:14:45] slim-app.INFO: Slim-Skeleton 'GET /patient/list' route [] {"uid":"bf64cd7"}
[2017-03-25 15:14:56] slim-app.INFO: Slim-Skeleton 'GET /patient/list' route [] {"uid":"a8a739d"}
[2017-03-25 15:18:23] slim-app.INFO: Slim-Skeleton '/home/index' route [] {"uid":"6b8b518"}
[2017-03-25 15:18:24] slim-app.INFO: Slim-Skeleton 'GET /patient/list' route [] {"uid":"b28c304"}
[2017-03-25 15:18:31] slim-app.INFO: Slim-Skeleton 'GET /patient/list' route [] {"uid":"024d9bb"}
[2017-03-25 15:19:40] slim-app.INFO: Slim-Skeleton '/home/index' route [] {"uid":"c8324b3"}
[2017-03-25 15:19:41] slim-app.INFO: Slim-Skeleton 'GET /patient/list' route [] {"uid":"3f96e3c"}
[2017-03-25 15:20:00] slim-app.INFO: Slim-Skeleton 'GET /patient/list' route [] {"uid":"9b70343"}
[2017-03-25 15:20:02] slim-app.INFO: Slim-Skeleton 'GET /patient/add' route [] {"uid":"b72499a"}
[2017-03-25 15:20:26] slim-app.INFO: Slim-Skeleton 'GET /patient/list' route [] {"uid":"559426b"}
[2017-03-25 15:20:32] slim-app.INFO: Slim-Skeleton 'GET /patient/edit' route [] {"uid":"ace050a"}
[2017-03-25 15:25:11] slim-app.INFO: Slim-Skeleton '/home/index' route [] {"uid":"36357a4"}
[2017-03-25 15:25:12] slim-app.INFO: Slim-Skeleton 'GET /patient/list' route [] {"uid":"774c533"}
[2017-03-25 15:25:50] slim-app.INFO: Slim-Skeleton 'GET /patient/list' route [] {"uid":"062495d"}
[2017-03-25 15:26:05] slim-app.INFO: Slim-Skeleton 'GET /patient/list' route [] {"uid":"e4c35be"}
[2017-03-25 15:30:52] slim-app.INFO: Slim-Skeleton 'GET /patient/list' route [] {"uid":"017792b"}
[2017-03-25 15:31:06] slim-app.INFO: Slim-Skeleton 'GET /patient/list' route [] {"uid":"41a4dc7"}
[2017-03-26 09:00:29] slim-app.INFO: Slim-Skeleton 'GET /patient/list' route [] {"uid":"381db0f"}
[2017-03-26 09:00:32] slim-app.INFO: Slim-Skeleton '/home/medicine' route [] {"uid":"3922bf1"}
[2017-03-26 09:00:36] slim-app.INFO: Slim-Skeleton 'GET /patient/edit' route [] {"uid":"9a1953d"}
[2017-03-26 09:00:40] slim-app.INFO: Slim-Skeleton 'GET /patient/edit' route [] {"uid":"95b3c3f"}
[2017-03-26 09:00:45] slim-app.INFO: Slim-Skeleton 'GET /patient/edit' route [] {"uid":"60c633d"}
[2017-03-26 09:03:23] slim-app.INFO: Slim-Skeleton 'GET /patient/edit' route [] {"uid":"e2f522d"}
[2017-03-26 09:04:18] slim-app.INFO: Slim-Skeleton 'GET /patient/list' route [] {"uid":"b8c01cf"}
[2017-03-26 09:04:21] slim-app.INFO: Slim-Skeleton '/home/medicine' route [] {"uid":"c4a2f65"}
[2017-03-26 09:04:26] slim-app.INFO: Slim-Skeleton 'GET /patient/list' route [] {"uid":"c0a0bd1"}
[2017-03-26 09:11:51] slim-app.INFO: Slim-Skeleton 'GET /patient/add' route [] {"uid":"0a72d12"}
[2017-03-26 09:13:55] slim-app.INFO: Slim-Skeleton 'GET /patient/list' route [] {"uid":"4f5a3cf"}
[2017-03-26 09:13:57] slim-app.INFO: Slim-Skeleton 'GET /patient/add' route [] {"uid":"76a9d87"}
[2017-03-26 09:14:37] slim-app.INFO: Slim-Skeleton 'GET /patient/edit' route [] {"uid":"ed9a204"}
[2017-03-26 09:21:08] slim-app.INFO: Slim-Skeleton 'GET /patient/list' route [] {"uid":"6d94530"}
[2017-03-26 09:21:14] slim-app.INFO: Slim-Skeleton 'GET /patient/add' route [] {"uid":"64ee978"}
[2017-03-26 09:22:06] slim-app.INFO: Slim-Skeleton 'GET /patient/edit' route [] {"uid":"8b79d34"}
[2017-03-26 09:29:25] slim-app.INFO: Slim-Skeleton 'GET /patient/list' route [] {"uid":"433829d"}
[2017-03-26 09:29:27] slim-app.INFO: Slim-Skeleton '/home/index' route [] {"uid":"5ae52cd"}
[2017-03-26 09:29:28] slim-app.INFO: Slim-Skeleton 'GET /patient/list' route [] {"uid":"60fca52"}
[2017-03-26 09:29:33] slim-app.INFO: Slim-Skeleton 'GET /patient/edit' route [] {"uid":"ab7a800"}
[2017-03-26 09:30:30] slim-app.INFO: Slim-Skeleton '/home/index' route [] {"uid":"e59b72b"}
[2017-03-26 09:30:32] slim-app.INFO: Slim-Skeleton 'GET /patient/list' route [] {"uid":"18f5b36"}
[2017-03-26 09:30:36] slim-app.INFO: Slim-Skeleton 'GET /patient/edit' route [] {"uid":"864dad7"}
[2017-03-26 09:30:49] slim-app.INFO: Slim-Skeleton 'GET /patient/add' route [] {"uid":"f97555b"}
[2017-03-26 09:31:37] slim-app.INFO: Slim-Skeleton 'GET /patient/edit' route [] {"uid":"b677b00"}
[2017-03-26 09:31:53] slim-app.INFO: Slim-Skeleton 'GET /patient/edit' route [] {"uid":"d0f57a7"}
[2017-03-26 09:38:42] slim-app.INFO: Slim-Skeleton 'GET /patient/edit' route [] {"uid":"d48ec8f"}
[2017-03-26 09:52:18] slim-app.INFO: Slim-Skeleton 'GET /patient/list' route [] {"uid":"bb49979"}
[2017-03-26 09:52:24] slim-app.INFO: Slim-Skeleton 'GET /patient/add' route [] {"uid":"b2d01c2"}
[2017-03-26 09:52:29] slim-app.INFO: Slim-Skeleton 'GET /patient/edit' route [] {"uid":"66fbdbb"}
[2017-03-26 09:52:35] slim-app.INFO: Slim-Skeleton 'GET /patient/edit' route [] {"uid":"d32d1ed"}
[2017-03-26 10:09:51] slim-app.INFO: Slim-Skeleton 'GET /patient/edit' route [] {"uid":"40fbf23"}
[2017-03-26 10:09:58] slim-app.INFO: Slim-Skeleton 'GET /patient/add' route [] {"uid":"f2a5cca"}
[2017-03-27 04:10:23] slim-app.INFO: Slim-Skeleton '/home/medicine' route [] {"uid":"28aa58e"}
[2017-03-27 04:10:25] slim-app.INFO: Slim-Skeleton 'GET /patient/list' route [] {"uid":"976ef7f"}
[2017-03-27 04:10:27] slim-app.INFO: Slim-Skeleton '/home/index' route [] {"uid":"bfd0514"}
[2017-03-27 04:10:29] slim-app.INFO: Slim-Skeleton 'GET /patient/list' route [] {"uid":"3322b34"}
[2017-03-27 04:10:30] slim-app.INFO: Slim-Skeleton '/home/medicine' route [] {"uid":"2f76a25"}
[2017-03-27 04:27:27] slim-app.INFO: Slim-Skeleton 'GET /patient/edit' route [] {"uid":"636cd1e"}
[2017-03-27 09:48:05] slim-app.INFO: Slim-Skeleton 'GET /patient/edit' route [] {"uid":"2f34cda"}
[2017-03-27 09:48:09] slim-app.INFO: Slim-Skeleton 'GET /patient/add' route [] {"uid":"7211eb9"}
[2017-03-27 09:48:14] slim-app.INFO: Slim-Skeleton '/home/medicine' route [] {"uid":"ac27fd6"}
[2017-03-28 13:14:57] slim-app.INFO: Slim-Skeleton 'GET /patient/list' route [] {"uid":"8799f75"}
[2017-03-28 13:15:00] slim-app.INFO: Slim-Skeleton 'GET /patient/edit' route [] {"uid":"f5d4536"}
[2017-03-29 12:11:57] slim-app.INFO: Slim-Skeleton '/home/visit' route [] {"uid":"1890be2"}
[2017-03-29 12:11:58] slim-app.INFO: Slim-Skeleton '/home/medicine' route [] {"uid":"e325fdb"}
[2017-03-29 12:11:59] slim-app.INFO: Slim-Skeleton 'GET /patient/list' route [] {"uid":"e7381dc"}
[2017-03-29 12:12:01] slim-app.INFO: Slim-Skeleton 'GET /patient/add' route [] {"uid":"40efa23"}
[2017-04-15 13:43:42] slim-app.INFO: Slim-Skeleton '/home/login' route [] {"uid":"a02ecae"}
[2017-04-15 13:44:15] slim-app.INFO: Slim-Skeleton '/home/index' route [] {"uid":"09cb263"}
[2017-04-15 13:44:17] slim-app.INFO: Slim-Skeleton '/home/medicine' route [] {"uid":"46587ee"}
[2017-04-15 13:44:18] slim-app.INFO: Slim-Skeleton 'GET /patient/list' route [] {"uid":"e0560c7"}
[2017-04-15 13:44:21] slim-app.INFO: Slim-Skeleton '/home/logout' route [] {"uid":"6417b67"}
[2017-04-15 13:44:21] slim-app.INFO: Slim-Skeleton '/home/login' route [] {"uid":"d15d992"}
[2017-04-15 13:44:51] slim-app.INFO: Slim-Skeleton '/home/login' route [] {"uid":"f65ed98"}
[2017-04-15 13:57:21] slim-app.INFO: Slim-Skeleton '/home/login' route [] {"uid":"35cefe1"}
[2017-04-15 13:59:08] slim-app.INFO: Slim-Skeleton '/home/login' route [] {"uid":"4c03134"}
[2017-04-15 13:59:34] slim-app.INFO: Slim-Skeleton '/home/login' route [] {"uid":"8e04197"}
[2017-04-15 14:02:09] slim-app.INFO: Slim-Skeleton '/home/login' route [] {"uid":"92b34f6"}
[2017-04-15 14:05:15] slim-app.INFO: Slim-Skeleton '/home/login' route [] {"uid":"2a794c6"}
[2017-04-15 14:05:58] slim-app.INFO: Slim-Skeleton '/home/login' route [] {"uid":"e36dbd5"}
[2017-04-15 14:06:50] slim-app.INFO: Slim-Skeleton '/home/login' route [] {"uid":"c4449d0"}
[2017-04-15 14:08:49] slim-app.INFO: Slim-Skeleton '/home/login' route [] {"uid":"6b539fc"}
[2017-04-15 14:08:58] slim-app.INFO: Slim-Skeleton '/home/login' route [] {"uid":"4886967"}
[2017-04-15 14:09:27] slim-app.INFO: Slim-Skeleton '/home/login' route [] {"uid":"d15a3bf"}
[2017-04-16 09:36:31] slim-app.INFO: Slim-Skeleton '/home/login' route [] {"uid":"0121b76"}
[2017-04-16 10:06:23] slim-app.INFO: Slim-Skeleton '/home/login' route [] {"uid":"9aed9ca"}
[2017-04-16 10:51:05] slim-app.INFO: Slim-Skeleton '/home/index' route [] {"uid":"6db4c6b"}
[2017-04-16 10:51:08] slim-app.INFO: Slim-Skeleton '/home/logout' route [] {"uid":"576ff27"}
[2017-04-16 10:51:08] slim-app.INFO: Slim-Skeleton '/home/login' route [] {"uid":"d865f93"}
[2017-04-16 10:51:25] slim-app.INFO: Slim-Skeleton '/home/login' route [] {"uid":"01e1261"}
[2017-04-16 10:51:31] slim-app.INFO: Slim-Skeleton '/home/index' route [] {"uid":"cad3f3b"}
[2017-04-16 10:51:36] slim-app.INFO: Slim-Skeleton '/home/logout' route [] {"uid":"2822ee0"}
[2017-04-16 10:51:36] slim-app.INFO: Slim-Skeleton '/home/login' route [] {"uid":"21180cf"}
[2017-04-16 10:51:43] slim-app.INFO: Slim-Skeleton '/home/login' route [] {"uid":"f4a161d"}
[2017-04-16 11:06:08] slim-app.INFO: Slim-Skeleton '/home/login' route [] {"uid":"3c271e5"}
[2017-04-16 11:08:15] slim-app.INFO: Slim-Skeleton '/home/login' route [] {"uid":"5950a18"}
[2017-04-16 11:09:28] slim-app.INFO: Slim-Skeleton '/home/login' route [] {"uid":"bedf10b"}
[2017-04-16 11:09:59] slim-app.INFO: Slim-Skeleton '/home/login' route [] {"uid":"3c7f5df"}
[2017-04-16 11:10:09] slim-app.INFO: Slim-Skeleton '/home/index' route [] {"uid":"e816c24"}
[2017-04-16 11:10:21] slim-app.INFO: Slim-Skeleton '/home/logout' route [] {"uid":"1b0f81c"}
[2017-04-16 11:10:22] slim-app.INFO: Slim-Skeleton '/home/login' route [] {"uid":"22f870c"}
[2017-04-16 11:16:21] slim-app.INFO: Slim-Skeleton '/home/login' route [] {"uid":"1e4f410"}
[2017-04-16 11:16:35] slim-app.INFO: Slim-Skeleton '/home/index' route [] {"uid":"15cfce3"}
[2017-04-16 11:16:46] slim-app.INFO: Slim-Skeleton '/home/logout' route [] {"uid":"04b65f4"}
[2017-04-16 11:16:46] slim-app.INFO: Slim-Skeleton '/home/login' route [] {"uid":"57e3852"}
[2017-04-16 11:16:52] slim-app.INFO: Slim-Skeleton '/home/index' route [] {"uid":"b551a08"}
[2017-04-16 11:17:51] slim-app.INFO: Slim-Skeleton '/home/logout' route [] {"uid":"9d8fa4b"}
[2017-04-16 11:17:51] slim-app.INFO: Slim-Skeleton '/home/login' route [] {"uid":"a493b28"}
[2017-04-16 11:18:03] slim-app.INFO: Slim-Skeleton '/home/index' route [] {"uid":"d9bf559"}
[2017-04-16 11:18:23] slim-app.INFO: Slim-Skeleton '/home/logout' route [] {"uid":"a5065e1"}
[2017-04-16 11:18:23] slim-app.INFO: Slim-Skeleton '/home/login' route [] {"uid":"dff7bdc"}
[2017-04-16 11:18:31] slim-app.INFO: Slim-Skeleton '/home/index' route [] {"uid":"4c05658"}
[2017-04-16 12:19:14] slim-app.INFO: Slim-Skeleton '/home/logout' route [] {"uid":"47a2b15"}
[2017-04-16 12:19:14] slim-app.INFO: Slim-Skeleton '/home/login' route [] {"uid":"e0f8adb"}
[2017-04-16 12:19:22] slim-app.INFO: Slim-Skeleton '/home/login' route [] {"uid":"03a57e2"}
[2017-04-16 12:20:23] slim-app.INFO: Slim-Skeleton '/home/login' route [] {"uid":"f7cb088"}
[2017-04-16 12:20:41] slim-app.INFO: Slim-Skeleton '/home/login' route [] {"uid":"58872aa"}
[2017-04-16 12:20:48] slim-app.INFO: Slim-Skeleton '/home/login' route [] {"uid":"73896c8"}
[2017-04-16 12:21:40] slim-app.INFO: Slim-Skeleton '/home/login' route [] {"uid":"e158d70"}
[2017-04-16 12:22:22] slim-app.INFO: Slim-Skeleton '/home/login' route [] {"uid":"ee03275"}
[2017-04-16 12:22:57] slim-app.INFO: Slim-Skeleton '/home/login' route [] {"uid":"b380617"}
[2017-04-16 12:35:47] slim-app.INFO: Slim-Skeleton '/home/login' route [] {"uid":"70a4ef4"}
[2017-04-16 12:36:35] slim-app.INFO: Slim-Skeleton '/home/login' route [] {"uid":"43ec1fa"}
[2017-04-16 12:38:49] slim-app.INFO: Slim-Skeleton '/home/login' route [] {"uid":"259c067"}
[2017-04-16 12:39:50] slim-app.INFO: Slim-Skeleton '/home/login' route [] {"uid":"4c5eb8e"}
[2017-04-16 12:42:18] slim-app.INFO: Slim-Skeleton '/home/login' route [] {"uid":"2238fd0"}
[2017-04-16 12:42:37] slim-app.INFO: Slim-Skeleton '/home/login' route [] {"uid":"ced8042"}
[2017-04-16 12:55:41] slim-app.INFO: Slim-Skeleton '/home/login' route [] {"uid":"abde464"}
[2017-04-16 12:56:17] slim-app.INFO: Slim-Skeleton '/home/login' route [] {"uid":"22243e8"}
[2017-04-16 12:56:22] slim-app.INFO: Slim-Skeleton '/home/login' route [] {"uid":"8009eab"}
[2017-04-16 12:56:26] slim-app.INFO: Slim-Skeleton '/home/login' route [] {"uid":"9159c9d"}
[2017-04-16 12:59:28] slim-app.INFO: Slim-Skeleton '/home/login' route [] {"uid":"9cf6cd0"}
[2017-04-16 13:05:07] slim-app.INFO: Slim-Skeleton '/home/login' route [] {"uid":"fe67d71"}
[2017-04-16 13:19:10] slim-app.INFO: Slim-Skeleton '/home/login' route [] {"uid":"fadbe16"}
[2017-04-16 13:19:42] slim-app.INFO: Slim-Skeleton '/home/login' route [] {"uid":"5bd7ed5"}
[2017-04-16 14:00:52] slim-app.INFO: Slim-Skeleton '/home/login' route [] {"uid":"6b70f40"}
[2017-04-16 14:03:15] slim-app.INFO: Slim-Skeleton '/home/login' route [] {"uid":"72ff512"}
[2017-04-16 14:36:50] slim-app.INFO: Slim-Skeleton '/home/login' route [] {"uid":"85b3a4a"}
[2017-04-16 14:37:05] slim-app.INFO: Slim-Skeleton '/home/index' route [] {"uid":"772920e"}
[2017-04-16 14:42:18] slim-app.INFO: Slim-Skeleton '/home/logout' route [] {"uid":"b69652e"}
[2017-04-16 14:42:18] slim-app.INFO: Slim-Skeleton '/home/login' route [] {"uid":"c012cdf"}
[2017-04-16 14:42:36] slim-app.INFO: Slim-Skeleton '/home/login' route [] {"uid":"e519f84"}
[2017-04-16 14:42:52] slim-app.INFO: Slim-Skeleton '/home/index' route [] {"uid":"41b33a8"}
[2017-04-16 14:52:11] slim-app.INFO: Slim-Skeleton '/home/login' route [] {"uid":"4e35bce"}
[2017-04-16 14:52:31] slim-app.INFO: Slim-Skeleton '/home/index' route [] {"uid":"6abfa29"}
[2017-04-16 14:53:40] slim-app.INFO: Slim-Skeleton '/home/index' route [] {"uid":"50e23e8"}
[2017-04-16 14:53:46] slim-app.INFO: Slim-Skeleton '/home/logout' route [] {"uid":"d7dc265"}
[2017-04-16 14:53:46] slim-app.INFO: Slim-Skeleton '/home/login' route [] {"uid":"d0ad2b6"}
[2017-04-16 15:11:54] slim-app.INFO: Slim-Skeleton '/home/login' route [] {"uid":"b59b502"}
[2017-04-16 15:11:57] slim-app.INFO: Slim-Skeleton '/home/login' route [] {"uid":"315187d"}
[2017-04-16 15:12:53] slim-app.INFO: Slim-Skeleton '/home/login' route [] {"uid":"a668d38"}
[2017-04-16 15:13:21] slim-app.INFO: Slim-Skeleton '/home/login' route [] {"uid":"007c129"}
